<?xml version="1.0" encoding="UTF-8"?>
<robot generator="Robot 3.2.2 (Python 3.9.1 on win32)" generated="20210311 22:30:04.079" rpa="false">
<suite id="s1" name="ETR Sanity" source="C:\shreya latest\ETR\src\main\Tests\ETR Sanity">
<suite id="s1-s1" name="Checkout" source="C:\shreya latest\ETR\src\main\Tests\ETR Sanity\Checkout.robot">
<kw name="SetupSuite" type="setup">
<kw name="Clear existing images">
<tags>
<tag>cleanup</tag>
<tag>folder</tag>
</tags>
<doc>folder cleanup</doc>
<kw name="Empty Directory" library="OperatingSystem">
<doc>Deletes all the content from the given directory.</doc>
<arguments>
<arg>C:\\shreya latest\\ETR\\src\\main\\Tests\\ETR Sanity${/}/AllScreenCaptures</arg>
</arguments>
<msg timestamp="20210311 22:30:04.677" level="INFO" html="yes">Listing contents of directory '&lt;a href="file://C:\shreya latest\ETR\src\main\Tests\ETR Sanity\AllScreenCaptures"&gt;C:\shreya latest\ETR\src\main\Tests\ETR Sanity\AllScreenCaptures&lt;/a&gt;'.</msg>
<msg timestamp="20210311 22:30:04.677" level="INFO" html="yes">Emptied directory '&lt;a href="file://C:\shreya latest\ETR\src\main\Tests\ETR Sanity\AllScreenCaptures"&gt;C:\shreya latest\ETR\src\main\Tests\ETR Sanity\AllScreenCaptures&lt;/a&gt;'.</msg>
<status status="PASS" starttime="20210311 22:30:04.676" endtime="20210311 22:30:04.677"></status>
</kw>
<status status="PASS" starttime="20210311 22:30:04.676" endtime="20210311 22:30:04.677"></status>
</kw>
<kw name="Run Keyword If" library="BuiltIn">
<doc>Runs the given keyword with the given arguments, if ``condition`` is true.</doc>
<arguments>
<arg>'${tech}'=='MOBILE'</arg>
<arg>import library</arg>
<arg>AppiumLibrary</arg>
<arg>ELSE</arg>
<arg>import library</arg>
<arg>SeleniumLibrary</arg>
</arguments>
<kw name="Import Library" library="BuiltIn">
<doc>Imports a library with the given name and optional arguments.</doc>
<arguments>
<arg>SeleniumLibrary</arg>
</arguments>
<status status="PASS" starttime="20210311 22:30:04.678" endtime="20210311 22:30:04.802"></status>
</kw>
<status status="PASS" starttime="20210311 22:30:04.678" endtime="20210311 22:30:04.802"></status>
</kw>
<kw name="Run Keyword If" library="BuiltIn">
<doc>Runs the given keyword with the given arguments, if ``condition`` is true.</doc>
<arguments>
<arg>'${tech}'!='WEB'</arg>
<arg>import Variables</arg>
<arg>${CheckoutPOFiles}/CheckoutMobile.py</arg>
<arg>ELSE</arg>
<arg>import Variables</arg>
<arg>${CheckoutPOFiles}/CheckoutWeb.py</arg>
</arguments>
<kw name="Import Variables" library="BuiltIn">
<doc>Imports a variable file with the given path and optional arguments.</doc>
<arguments>
<arg>${CheckoutPOFiles}/CheckoutWeb.py</arg>
</arguments>
<status status="PASS" starttime="20210311 22:30:04.803" endtime="20210311 22:30:04.807"></status>
</kw>
<status status="PASS" starttime="20210311 22:30:04.803" endtime="20210311 22:30:04.807"></status>
</kw>
<status status="PASS" starttime="20210311 22:30:04.676" endtime="20210311 22:30:04.807"></status>
</kw>
<test id="s1-s1-t1" name="Guest user checkout with PayPal">
<kw name="Launch ETR Application" library="commonMethods">
<doc>Launch the ETR application with url "https://store-uat1live-us.corp.hpicloud.net/us/en" and accept Privacy options</doc>
<arguments>
<arg>${Uat_url}</arg>
</arguments>
<kw name="Run Keyword If" library="BuiltIn">
<doc>Runs the given keyword with the given arguments, if ``condition`` is true.</doc>
<arguments>
<arg>"${tech}" == "MOBILE"</arg>
<arg>run keywords</arg>
<arg>Initiate Browser On Android</arg>
<arg>AND</arg>
<arg>Go To Url</arg>
<arg>${url}</arg>
<arg>ELSE IF</arg>
<arg>"${tech}" == "MOBILE_EMULATOR"</arg>
<arg>Initiate MOBILE_EMULATOR_CHROME</arg>
<arg>Pixel 2 XL</arg>
<arg>${url}</arg>
<arg>ELSE</arg>
<arg>run keyword</arg>
<arg>Launch Web Application</arg>
<arg>${url}</arg>
<arg>${browser}</arg>
</arguments>
<kw name="Run Keyword" library="BuiltIn">
<doc>Executes the given keyword with the given arguments.</doc>
<arguments>
<arg>Launch Web Application</arg>
<arg>${url}</arg>
<arg>${browser}</arg>
</arguments>
<kw name="Launch Web Application" library="genericEvents">
<doc>"Launch the application with url https://store-uat1live-us.corp.hpicloud.net/us/en in browser chrome"</doc>
<arguments>
<arg>${url}</arg>
<arg>${browser}</arg>
</arguments>
<kw name="Open Browser" library="SeleniumLibrary">
<doc>Opens a new browser instance to the optional ``url``.</doc>
<arguments>
<arg>${url}</arg>
<arg>${browser}</arg>
</arguments>
<msg timestamp="20210311 22:30:04.810" level="INFO">Opening browser 'chrome' to base url 'https://store-uat1live-us.corp.hpicloud.net/us/en'.</msg>
<kw name="Capture Page Screenshot" library="SeleniumLibrary">
<doc>Takes a screenshot of the current page and embeds it into a log file.</doc>
<msg timestamp="20210311 22:30:08.569" level="INFO" html="yes">&lt;/td&gt;&lt;/tr&gt;&lt;tr&gt;&lt;td colspan="3"&gt;&lt;a href="selenium-screenshot-1.png"&gt;&lt;img src="selenium-screenshot-1.png" width="800px"&gt;&lt;/a&gt;</msg>
<status status="PASS" starttime="20210311 22:30:08.316" endtime="20210311 22:30:08.569"></status>
</kw>
<msg timestamp="20210311 22:30:08.575" level="FAIL">WebDriverException: Message: unknown error: net::ERR_NAME_NOT_RESOLVED
  (Session info: chrome=89.0.4389.82)
</msg>
<status status="FAIL" starttime="20210311 22:30:04.810" endtime="20210311 22:30:08.575"></status>
</kw>
<status status="FAIL" starttime="20210311 22:30:04.809" endtime="20210311 22:30:08.575"></status>
</kw>
<status status="FAIL" starttime="20210311 22:30:04.809" endtime="20210311 22:30:08.575"></status>
</kw>
<status status="FAIL" starttime="20210311 22:30:04.808" endtime="20210311 22:30:08.575"></status>
</kw>
<status status="FAIL" starttime="20210311 22:30:04.808" endtime="20210311 22:30:08.575"></status>
</kw>
<kw name="Browser Close" type="teardown">
<kw name="Run Keyword If" library="BuiltIn">
<doc>Runs the given keyword with the given arguments, if ``condition`` is true.</doc>
<arguments>
<arg>"${tech}" == "MOBILE"</arg>
<arg>run keywords</arg>
<arg>Quit Application</arg>
<arg>AND</arg>
<arg>Close Sauce Lab Session</arg>
<arg>ELSE</arg>
<arg>Close Browser</arg>
</arguments>
<kw name="Close Browser" library="SeleniumLibrary">
<doc>Closes the current browser.</doc>
<status status="PASS" starttime="20210311 22:30:08.577" endtime="20210311 22:30:12.309"></status>
</kw>
<status status="PASS" starttime="20210311 22:30:08.577" endtime="20210311 22:30:12.309"></status>
</kw>
<status status="PASS" starttime="20210311 22:30:08.576" endtime="20210311 22:30:12.309"></status>
</kw>
<tags>
<tag>MOBILE</tag>
<tag>WEB</tag>
</tags>
<status status="FAIL" starttime="20210311 22:30:04.807" endtime="20210311 22:30:12.310" critical="yes">WebDriverException: Message: unknown error: net::ERR_NAME_NOT_RESOLVED
  (Session info: chrome=89.0.4389.82)
</status>
</test>
<test id="s1-s1-t2" name="Verify Shipping Methods in cart &amp; Checkout">
<kw name="Launch ETR Application" library="commonMethods">
<doc>Launch the ETR application with url "https://store-uat1live-us.corp.hpicloud.net/us/en" and accept Privacy options</doc>
<arguments>
<arg>${Uat_url}</arg>
</arguments>
<kw name="Run Keyword If" library="BuiltIn">
<doc>Runs the given keyword with the given arguments, if ``condition`` is true.</doc>
<arguments>
<arg>"${tech}" == "MOBILE"</arg>
<arg>run keywords</arg>
<arg>Initiate Browser On Android</arg>
<arg>AND</arg>
<arg>Go To Url</arg>
<arg>${url}</arg>
<arg>ELSE IF</arg>
<arg>"${tech}" == "MOBILE_EMULATOR"</arg>
<arg>Initiate MOBILE_EMULATOR_CHROME</arg>
<arg>Pixel 2 XL</arg>
<arg>${url}</arg>
<arg>ELSE</arg>
<arg>run keyword</arg>
<arg>Launch Web Application</arg>
<arg>${url}</arg>
<arg>${browser}</arg>
</arguments>
<kw name="Run Keyword" library="BuiltIn">
<doc>Executes the given keyword with the given arguments.</doc>
<arguments>
<arg>Launch Web Application</arg>
<arg>${url}</arg>
<arg>${browser}</arg>
</arguments>
<kw name="Launch Web Application" library="genericEvents">
<doc>"Launch the application with url https://store-uat1live-us.corp.hpicloud.net/us/en in browser chrome"</doc>
<arguments>
<arg>${url}</arg>
<arg>${browser}</arg>
</arguments>
<kw name="Open Browser" library="SeleniumLibrary">
<doc>Opens a new browser instance to the optional ``url``.</doc>
<arguments>
<arg>${url}</arg>
<arg>${browser}</arg>
</arguments>
<msg timestamp="20210311 22:30:12.320" level="INFO">Opening browser 'chrome' to base url 'https://store-uat1live-us.corp.hpicloud.net/us/en'.</msg>
<kw name="Capture Page Screenshot" library="SeleniumLibrary">
<doc>Takes a screenshot of the current page and embeds it into a log file.</doc>
<msg timestamp="20210311 22:30:15.541" level="INFO" html="yes">&lt;/td&gt;&lt;/tr&gt;&lt;tr&gt;&lt;td colspan="3"&gt;&lt;a href="selenium-screenshot-2.png"&gt;&lt;img src="selenium-screenshot-2.png" width="800px"&gt;&lt;/a&gt;</msg>
<status status="PASS" starttime="20210311 22:30:15.298" endtime="20210311 22:30:15.541"></status>
</kw>
<msg timestamp="20210311 22:30:15.542" level="FAIL">WebDriverException: Message: unknown error: net::ERR_NAME_NOT_RESOLVED
  (Session info: chrome=89.0.4389.82)
</msg>
<status status="FAIL" starttime="20210311 22:30:12.319" endtime="20210311 22:30:15.542"></status>
</kw>
<status status="FAIL" starttime="20210311 22:30:12.318" endtime="20210311 22:30:15.542"></status>
</kw>
<status status="FAIL" starttime="20210311 22:30:12.317" endtime="20210311 22:30:15.543"></status>
</kw>
<status status="FAIL" starttime="20210311 22:30:12.317" endtime="20210311 22:30:15.543"></status>
</kw>
<status status="FAIL" starttime="20210311 22:30:12.316" endtime="20210311 22:30:15.543"></status>
</kw>
<kw name="Browser Close" type="teardown">
<kw name="Run Keyword If" library="BuiltIn">
<doc>Runs the given keyword with the given arguments, if ``condition`` is true.</doc>
<arguments>
<arg>"${tech}" == "MOBILE"</arg>
<arg>run keywords</arg>
<arg>Quit Application</arg>
<arg>AND</arg>
<arg>Close Sauce Lab Session</arg>
<arg>ELSE</arg>
<arg>Close Browser</arg>
</arguments>
<kw name="Close Browser" library="SeleniumLibrary">
<doc>Closes the current browser.</doc>
<status status="PASS" starttime="20210311 22:30:15.545" endtime="20210311 22:30:18.164"></status>
</kw>
<status status="PASS" starttime="20210311 22:30:15.544" endtime="20210311 22:30:18.164"></status>
</kw>
<status status="PASS" starttime="20210311 22:30:15.544" endtime="20210311 22:30:18.164"></status>
</kw>
<tags>
<tag>MOBILE</tag>
<tag>WEB</tag>
</tags>
<status status="FAIL" starttime="20210311 22:30:12.314" endtime="20210311 22:30:18.165" critical="yes">WebDriverException: Message: unknown error: net::ERR_NAME_NOT_RESOLVED
  (Session info: chrome=89.0.4389.82)
</status>
</test>
<kw name="Browser Close" type="teardown">
<kw name="Run Keyword If" library="BuiltIn">
<doc>Runs the given keyword with the given arguments, if ``condition`` is true.</doc>
<arguments>
<arg>"${tech}" == "MOBILE"</arg>
<arg>run keywords</arg>
<arg>Quit Application</arg>
<arg>AND</arg>
<arg>Close Sauce Lab Session</arg>
<arg>ELSE</arg>
<arg>Close Browser</arg>
</arguments>
<kw name="Close Browser" library="SeleniumLibrary">
<doc>Closes the current browser.</doc>
<status status="PASS" starttime="20210311 22:30:18.168" endtime="20210311 22:30:18.168"></status>
</kw>
<status status="PASS" starttime="20210311 22:30:18.167" endtime="20210311 22:30:18.168"></status>
</kw>
<status status="PASS" starttime="20210311 22:30:18.167" endtime="20210311 22:30:18.168"></status>
</kw>
<status status="FAIL" starttime="20210311 22:30:04.130" endtime="20210311 22:30:18.168"></status>
</suite>
<suite id="s1-s2" name="CLP" source="C:\shreya latest\ETR\src\main\Tests\ETR Sanity\CLP.robot">
<kw name="SetupSuite" type="setup">
<kw name="Clear existing images">
<tags>
<tag>cleanup</tag>
<tag>folder</tag>
</tags>
<doc>folder cleanup</doc>
<kw name="Empty Directory" library="OperatingSystem">
<doc>Deletes all the content from the given directory.</doc>
<arguments>
<arg>C:\\shreya latest\\ETR\\src\\main\\Tests\\ETR Sanity${/}/AllScreenCaptures</arg>
</arguments>
<msg timestamp="20210311 22:30:18.214" level="INFO" html="yes">Listing contents of directory '&lt;a href="file://C:\shreya latest\ETR\src\main\Tests\ETR Sanity\AllScreenCaptures"&gt;C:\shreya latest\ETR\src\main\Tests\ETR Sanity\AllScreenCaptures&lt;/a&gt;'.</msg>
<msg timestamp="20210311 22:30:18.214" level="INFO" html="yes">Emptied directory '&lt;a href="file://C:\shreya latest\ETR\src\main\Tests\ETR Sanity\AllScreenCaptures"&gt;C:\shreya latest\ETR\src\main\Tests\ETR Sanity\AllScreenCaptures&lt;/a&gt;'.</msg>
<status status="PASS" starttime="20210311 22:30:18.213" endtime="20210311 22:30:18.215"></status>
</kw>
<status status="PASS" starttime="20210311 22:30:18.213" endtime="20210311 22:30:18.215"></status>
</kw>
<kw name="Run Keyword If" library="BuiltIn">
<doc>Runs the given keyword with the given arguments, if ``condition`` is true.</doc>
<arguments>
<arg>'${tech}'=='MOBILE'</arg>
<arg>import library</arg>
<arg>AppiumLibrary</arg>
<arg>ELSE</arg>
<arg>import library</arg>
<arg>SeleniumLibrary</arg>
</arguments>
<kw name="Import Library" library="BuiltIn">
<doc>Imports a library with the given name and optional arguments.</doc>
<arguments>
<arg>SeleniumLibrary</arg>
</arguments>
<status status="PASS" starttime="20210311 22:30:18.215" endtime="20210311 22:30:18.216"></status>
</kw>
<status status="PASS" starttime="20210311 22:30:18.215" endtime="20210311 22:30:18.217"></status>
</kw>
<kw name="Run Keyword If" library="BuiltIn">
<doc>Runs the given keyword with the given arguments, if ``condition`` is true.</doc>
<arguments>
<arg>'${tech}'!='WEB'</arg>
<arg>import Variables</arg>
<arg>${CLPPOFiles}/CLPMobile.py</arg>
<arg>ELSE</arg>
<arg>import Variables</arg>
<arg>${CLPPOFiles}/CLPWeb.py</arg>
</arguments>
<kw name="Import Variables" library="BuiltIn">
<doc>Imports a variable file with the given path and optional arguments.</doc>
<arguments>
<arg>${CLPPOFiles}/CLPWeb.py</arg>
</arguments>
<status status="PASS" starttime="20210311 22:30:18.217" endtime="20210311 22:30:18.220"></status>
</kw>
<status status="PASS" starttime="20210311 22:30:18.217" endtime="20210311 22:30:18.220"></status>
</kw>
<status status="PASS" starttime="20210311 22:30:18.213" endtime="20210311 22:30:18.220"></status>
</kw>
<test id="s1-s2-t1" name="Verify CLP Page Features">
<kw name="Launch ETR Application" library="commonMethods">
<doc>Launch the ETR application with url "https://store-uat1live-us.corp.hpicloud.net/us/en" and accept Privacy options</doc>
<arguments>
<arg>${url}</arg>
</arguments>
<kw name="Run Keyword If" library="BuiltIn">
<doc>Runs the given keyword with the given arguments, if ``condition`` is true.</doc>
<arguments>
<arg>"${tech}" == "MOBILE"</arg>
<arg>run keywords</arg>
<arg>Initiate Browser On Android</arg>
<arg>AND</arg>
<arg>Go To Url</arg>
<arg>${url}</arg>
<arg>ELSE IF</arg>
<arg>"${tech}" == "MOBILE_EMULATOR"</arg>
<arg>Initiate MOBILE_EMULATOR_CHROME</arg>
<arg>Pixel 2 XL</arg>
<arg>${url}</arg>
<arg>ELSE</arg>
<arg>run keyword</arg>
<arg>Launch Web Application</arg>
<arg>${url}</arg>
<arg>${browser}</arg>
</arguments>
<kw name="Run Keyword" library="BuiltIn">
<doc>Executes the given keyword with the given arguments.</doc>
<arguments>
<arg>Launch Web Application</arg>
<arg>${url}</arg>
<arg>${browser}</arg>
</arguments>
<kw name="Launch Web Application" library="genericEvents">
<doc>"Launch the application with url https://store-uat1live-us.corp.hpicloud.net/us/en in browser chrome"</doc>
<arguments>
<arg>${url}</arg>
<arg>${browser}</arg>
</arguments>
<kw name="Open Browser" library="SeleniumLibrary">
<doc>Opens a new browser instance to the optional ``url``.</doc>
<arguments>
<arg>${url}</arg>
<arg>${browser}</arg>
</arguments>
<msg timestamp="20210311 22:30:18.224" level="INFO">Opening browser 'chrome' to base url 'https://store-uat1live-us.corp.hpicloud.net/us/en'.</msg>
<kw name="Capture Page Screenshot" library="SeleniumLibrary">
<doc>Takes a screenshot of the current page and embeds it into a log file.</doc>
<msg timestamp="20210311 22:30:21.662" level="INFO" html="yes">&lt;/td&gt;&lt;/tr&gt;&lt;tr&gt;&lt;td colspan="3"&gt;&lt;a href="selenium-screenshot-3.png"&gt;&lt;img src="selenium-screenshot-3.png" width="800px"&gt;&lt;/a&gt;</msg>
<status status="PASS" starttime="20210311 22:30:21.417" endtime="20210311 22:30:21.663"></status>
</kw>
<msg timestamp="20210311 22:30:21.664" level="FAIL">WebDriverException: Message: unknown error: net::ERR_NAME_NOT_RESOLVED
  (Session info: chrome=89.0.4389.82)
</msg>
<status status="FAIL" starttime="20210311 22:30:18.223" endtime="20210311 22:30:21.664"></status>
</kw>
<status status="FAIL" starttime="20210311 22:30:18.223" endtime="20210311 22:30:21.664"></status>
</kw>
<status status="FAIL" starttime="20210311 22:30:18.222" endtime="20210311 22:30:21.664"></status>
</kw>
<status status="FAIL" starttime="20210311 22:30:18.222" endtime="20210311 22:30:21.664"></status>
</kw>
<status status="FAIL" starttime="20210311 22:30:18.221" endtime="20210311 22:30:21.664"></status>
</kw>
<kw name="Browser Close" type="teardown">
<kw name="Run Keyword If" library="BuiltIn">
<doc>Runs the given keyword with the given arguments, if ``condition`` is true.</doc>
<arguments>
<arg>"${tech}" == "MOBILE"</arg>
<arg>run keywords</arg>
<arg>Quit Application</arg>
<arg>AND</arg>
<arg>Close Sauce Lab Session</arg>
<arg>ELSE</arg>
<arg>Close Browser</arg>
</arguments>
<kw name="Close Browser" library="SeleniumLibrary">
<doc>Closes the current browser.</doc>
<status status="PASS" starttime="20210311 22:30:21.666" endtime="20210311 22:30:24.157"></status>
</kw>
<status status="PASS" starttime="20210311 22:30:21.666" endtime="20210311 22:30:24.157"></status>
</kw>
<status status="PASS" starttime="20210311 22:30:21.665" endtime="20210311 22:30:24.157"></status>
</kw>
<tags>
<tag>MOBILE</tag>
<tag>WEB</tag>
</tags>
<status status="FAIL" starttime="20210311 22:30:18.220" endtime="20210311 22:30:24.158" critical="yes">WebDriverException: Message: unknown error: net::ERR_NAME_NOT_RESOLVED
  (Session info: chrome=89.0.4389.82)
</status>
</test>
<test id="s1-s2-t2" name="Verify CLP Link">
<kw name="Launch ETR Application" library="commonMethods">
<doc>Launch the ETR application with url "https://store-uat1live-us.corp.hpicloud.net/us/en" and accept Privacy options</doc>
<arguments>
<arg>${url}</arg>
</arguments>
<kw name="Run Keyword If" library="BuiltIn">
<doc>Runs the given keyword with the given arguments, if ``condition`` is true.</doc>
<arguments>
<arg>"${tech}" == "MOBILE"</arg>
<arg>run keywords</arg>
<arg>Initiate Browser On Android</arg>
<arg>AND</arg>
<arg>Go To Url</arg>
<arg>${url}</arg>
<arg>ELSE IF</arg>
<arg>"${tech}" == "MOBILE_EMULATOR"</arg>
<arg>Initiate MOBILE_EMULATOR_CHROME</arg>
<arg>Pixel 2 XL</arg>
<arg>${url}</arg>
<arg>ELSE</arg>
<arg>run keyword</arg>
<arg>Launch Web Application</arg>
<arg>${url}</arg>
<arg>${browser}</arg>
</arguments>
<kw name="Run Keyword" library="BuiltIn">
<doc>Executes the given keyword with the given arguments.</doc>
<arguments>
<arg>Launch Web Application</arg>
<arg>${url}</arg>
<arg>${browser}</arg>
</arguments>
<kw name="Launch Web Application" library="genericEvents">
<doc>"Launch the application with url https://store-uat1live-us.corp.hpicloud.net/us/en in browser chrome"</doc>
<arguments>
<arg>${url}</arg>
<arg>${browser}</arg>
</arguments>
<kw name="Open Browser" library="SeleniumLibrary">
<doc>Opens a new browser instance to the optional ``url``.</doc>
<arguments>
<arg>${url}</arg>
<arg>${browser}</arg>
</arguments>
<msg timestamp="20210311 22:30:24.163" level="INFO">Opening browser 'chrome' to base url 'https://store-uat1live-us.corp.hpicloud.net/us/en'.</msg>
<kw name="Capture Page Screenshot" library="SeleniumLibrary">
<doc>Takes a screenshot of the current page and embeds it into a log file.</doc>
<msg timestamp="20210311 22:30:27.475" level="INFO" html="yes">&lt;/td&gt;&lt;/tr&gt;&lt;tr&gt;&lt;td colspan="3"&gt;&lt;a href="selenium-screenshot-4.png"&gt;&lt;img src="selenium-screenshot-4.png" width="800px"&gt;&lt;/a&gt;</msg>
<status status="PASS" starttime="20210311 22:30:27.234" endtime="20210311 22:30:27.475"></status>
</kw>
<msg timestamp="20210311 22:30:27.477" level="FAIL">WebDriverException: Message: unknown error: net::ERR_NAME_NOT_RESOLVED
  (Session info: chrome=89.0.4389.82)
</msg>
<status status="FAIL" starttime="20210311 22:30:24.162" endtime="20210311 22:30:27.477"></status>
</kw>
<status status="FAIL" starttime="20210311 22:30:24.162" endtime="20210311 22:30:27.477"></status>
</kw>
<status status="FAIL" starttime="20210311 22:30:24.161" endtime="20210311 22:30:27.477"></status>
</kw>
<status status="FAIL" starttime="20210311 22:30:24.161" endtime="20210311 22:30:27.477"></status>
</kw>
<status status="FAIL" starttime="20210311 22:30:24.160" endtime="20210311 22:30:27.477"></status>
</kw>
<kw name="Browser Close" type="teardown">
<kw name="Run Keyword If" library="BuiltIn">
<doc>Runs the given keyword with the given arguments, if ``condition`` is true.</doc>
<arguments>
<arg>"${tech}" == "MOBILE"</arg>
<arg>run keywords</arg>
<arg>Quit Application</arg>
<arg>AND</arg>
<arg>Close Sauce Lab Session</arg>
<arg>ELSE</arg>
<arg>Close Browser</arg>
</arguments>
<kw name="Close Browser" library="SeleniumLibrary">
<doc>Closes the current browser.</doc>
<status status="PASS" starttime="20210311 22:30:27.479" endtime="20210311 22:30:30.006"></status>
</kw>
<status status="PASS" starttime="20210311 22:30:27.478" endtime="20210311 22:30:30.006"></status>
</kw>
<status status="PASS" starttime="20210311 22:30:27.478" endtime="20210311 22:30:30.006"></status>
</kw>
<tags>
<tag>MOBILE</tag>
<tag>WEB</tag>
</tags>
<status status="FAIL" starttime="20210311 22:30:24.159" endtime="20210311 22:30:30.007" critical="yes">WebDriverException: Message: unknown error: net::ERR_NAME_NOT_RESOLVED
  (Session info: chrome=89.0.4389.82)
</status>
</test>
<kw name="Browser Close" type="teardown">
<kw name="Run Keyword If" library="BuiltIn">
<doc>Runs the given keyword with the given arguments, if ``condition`` is true.</doc>
<arguments>
<arg>"${tech}" == "MOBILE"</arg>
<arg>run keywords</arg>
<arg>Quit Application</arg>
<arg>AND</arg>
<arg>Close Sauce Lab Session</arg>
<arg>ELSE</arg>
<arg>Close Browser</arg>
</arguments>
<kw name="Close Browser" library="SeleniumLibrary">
<doc>Closes the current browser.</doc>
<status status="PASS" starttime="20210311 22:30:30.010" endtime="20210311 22:30:30.010"></status>
</kw>
<status status="PASS" starttime="20210311 22:30:30.009" endtime="20210311 22:30:30.010"></status>
</kw>
<status status="PASS" starttime="20210311 22:30:30.009" endtime="20210311 22:30:30.010"></status>
</kw>
<status status="FAIL" starttime="20210311 22:30:18.171" endtime="20210311 22:30:30.010"></status>
</suite>
<suite id="s1-s3" name="CTO" source="C:\shreya latest\ETR\src\main\Tests\ETR Sanity\CTO.robot">
<kw name="SetupSuite" type="setup">
<kw name="Clear existing images">
<tags>
<tag>cleanup</tag>
<tag>folder</tag>
</tags>
<doc>folder cleanup</doc>
<kw name="Empty Directory" library="OperatingSystem">
<doc>Deletes all the content from the given directory.</doc>
<arguments>
<arg>C:\\shreya latest\\ETR\\src\\main\\Tests\\ETR Sanity${/}/AllScreenCaptures</arg>
</arguments>
<msg timestamp="20210311 22:30:30.066" level="INFO" html="yes">Listing contents of directory '&lt;a href="file://C:\shreya latest\ETR\src\main\Tests\ETR Sanity\AllScreenCaptures"&gt;C:\shreya latest\ETR\src\main\Tests\ETR Sanity\AllScreenCaptures&lt;/a&gt;'.</msg>
<msg timestamp="20210311 22:30:30.067" level="INFO" html="yes">Emptied directory '&lt;a href="file://C:\shreya latest\ETR\src\main\Tests\ETR Sanity\AllScreenCaptures"&gt;C:\shreya latest\ETR\src\main\Tests\ETR Sanity\AllScreenCaptures&lt;/a&gt;'.</msg>
<status status="PASS" starttime="20210311 22:30:30.066" endtime="20210311 22:30:30.067"></status>
</kw>
<status status="PASS" starttime="20210311 22:30:30.066" endtime="20210311 22:30:30.067"></status>
</kw>
<kw name="Run Keyword If" library="BuiltIn">
<doc>Runs the given keyword with the given arguments, if ``condition`` is true.</doc>
<arguments>
<arg>'${tech}'=='MOBILE'</arg>
<arg>import library</arg>
<arg>AppiumLibrary</arg>
<arg>ELSE</arg>
<arg>import library</arg>
<arg>SeleniumLibrary</arg>
</arguments>
<kw name="Import Library" library="BuiltIn">
<doc>Imports a library with the given name and optional arguments.</doc>
<arguments>
<arg>SeleniumLibrary</arg>
</arguments>
<status status="PASS" starttime="20210311 22:30:30.068" endtime="20210311 22:30:30.069"></status>
</kw>
<status status="PASS" starttime="20210311 22:30:30.067" endtime="20210311 22:30:30.069"></status>
</kw>
<kw name="Run Keyword If" library="BuiltIn">
<doc>Runs the given keyword with the given arguments, if ``condition`` is true.</doc>
<arguments>
<arg>'${tech}'!='WEB'</arg>
<arg>import Variables</arg>
<arg>${CTOPOFiles}/CTOMobile.py</arg>
<arg>ELSE</arg>
<arg>import Variables</arg>
<arg>${CTOPOFiles}/CTOWeb.py</arg>
</arguments>
<kw name="Import Variables" library="BuiltIn">
<doc>Imports a variable file with the given path and optional arguments.</doc>
<arguments>
<arg>${CTOPOFiles}/CTOWeb.py</arg>
</arguments>
<status status="PASS" starttime="20210311 22:30:30.069" endtime="20210311 22:30:30.083"></status>
</kw>
<status status="PASS" starttime="20210311 22:30:30.069" endtime="20210311 22:30:30.084"></status>
</kw>
<status status="PASS" starttime="20210311 22:30:30.065" endtime="20210311 22:30:30.084"></status>
</kw>
<test id="s1-s3-t1" name="Verify CTO and add to cart">
<kw name="Launch ETR Application" library="commonMethods">
<doc>Launch the ETR application with url "https://store-uat1live-us.corp.hpicloud.net/us/en" and accept Privacy options</doc>
<arguments>
<arg>${pdp_url2}</arg>
</arguments>
<kw name="Run Keyword If" library="BuiltIn">
<doc>Runs the given keyword with the given arguments, if ``condition`` is true.</doc>
<arguments>
<arg>"${tech}" == "MOBILE"</arg>
<arg>run keywords</arg>
<arg>Initiate Browser On Android</arg>
<arg>AND</arg>
<arg>Go To Url</arg>
<arg>${url}</arg>
<arg>ELSE IF</arg>
<arg>"${tech}" == "MOBILE_EMULATOR"</arg>
<arg>Initiate MOBILE_EMULATOR_CHROME</arg>
<arg>Pixel 2 XL</arg>
<arg>${url}</arg>
<arg>ELSE</arg>
<arg>run keyword</arg>
<arg>Launch Web Application</arg>
<arg>${url}</arg>
<arg>${browser}</arg>
</arguments>
<kw name="Run Keyword" library="BuiltIn">
<doc>Executes the given keyword with the given arguments.</doc>
<arguments>
<arg>Launch Web Application</arg>
<arg>${url}</arg>
<arg>${browser}</arg>
</arguments>
<kw name="Launch Web Application" library="genericEvents">
<doc>"Launch the application with url https://store-uat1live-us.corp.hpicloud.net/us/en/pdp/hp-pavilion-gaming-laptop-17t-cd100-8ww21av-1 in browser chrome"</doc>
<arguments>
<arg>${url}</arg>
<arg>${browser}</arg>
</arguments>
<kw name="Open Browser" library="SeleniumLibrary">
<doc>Opens a new browser instance to the optional ``url``.</doc>
<arguments>
<arg>${url}</arg>
<arg>${browser}</arg>
</arguments>
<msg timestamp="20210311 22:30:30.087" level="INFO">Opening browser 'chrome' to base url 'https://store-uat1live-us.corp.hpicloud.net/us/en/pdp/hp-pavilion-gaming-laptop-17t-cd100-8ww21av-1'.</msg>
<kw name="Capture Page Screenshot" library="SeleniumLibrary">
<doc>Takes a screenshot of the current page and embeds it into a log file.</doc>
<msg timestamp="20210311 22:30:35.339" level="INFO" html="yes">&lt;/td&gt;&lt;/tr&gt;&lt;tr&gt;&lt;td colspan="3"&gt;&lt;a href="selenium-screenshot-5.png"&gt;&lt;img src="selenium-screenshot-5.png" width="800px"&gt;&lt;/a&gt;</msg>
<status status="PASS" starttime="20210311 22:30:35.090" endtime="20210311 22:30:35.339"></status>
</kw>
<msg timestamp="20210311 22:30:35.340" level="FAIL">WebDriverException: Message: unknown error: net::ERR_NAME_NOT_RESOLVED
  (Session info: chrome=89.0.4389.82)
</msg>
<status status="FAIL" starttime="20210311 22:30:30.087" endtime="20210311 22:30:35.340"></status>
</kw>
<status status="FAIL" starttime="20210311 22:30:30.086" endtime="20210311 22:30:35.340"></status>
</kw>
<status status="FAIL" starttime="20210311 22:30:30.086" endtime="20210311 22:30:35.340"></status>
</kw>
<status status="FAIL" starttime="20210311 22:30:30.085" endtime="20210311 22:30:35.340"></status>
</kw>
<status status="FAIL" starttime="20210311 22:30:30.085" endtime="20210311 22:30:35.340"></status>
</kw>
<kw name="Browser Close" type="teardown">
<kw name="Run Keyword If" library="BuiltIn">
<doc>Runs the given keyword with the given arguments, if ``condition`` is true.</doc>
<arguments>
<arg>"${tech}" == "MOBILE"</arg>
<arg>run keywords</arg>
<arg>Quit Application</arg>
<arg>AND</arg>
<arg>Close Sauce Lab Session</arg>
<arg>ELSE</arg>
<arg>Close Browser</arg>
</arguments>
<kw name="Close Browser" library="SeleniumLibrary">
<doc>Closes the current browser.</doc>
<status status="PASS" starttime="20210311 22:30:35.342" endtime="20210311 22:30:39.724"></status>
</kw>
<status status="PASS" starttime="20210311 22:30:35.342" endtime="20210311 22:30:39.724"></status>
</kw>
<status status="PASS" starttime="20210311 22:30:35.341" endtime="20210311 22:30:39.724"></status>
</kw>
<tags>
<tag>MOBILE</tag>
<tag>WEB</tag>
</tags>
<status status="FAIL" starttime="20210311 22:30:30.084" endtime="20210311 22:30:39.725" critical="yes">WebDriverException: Message: unknown error: net::ERR_NAME_NOT_RESOLVED
  (Session info: chrome=89.0.4389.82)
</status>
</test>
<test id="s1-s3-t2" name="Validate CTO Configurator page, Attach accessories page">
<kw name="Launch ETR Application" library="commonMethods">
<doc>Launch the ETR application with url "https://store-uat1live-us.corp.hpicloud.net/us/en" and accept Privacy options</doc>
<arguments>
<arg>${conf_url}</arg>
</arguments>
<kw name="Run Keyword If" library="BuiltIn">
<doc>Runs the given keyword with the given arguments, if ``condition`` is true.</doc>
<arguments>
<arg>"${tech}" == "MOBILE"</arg>
<arg>run keywords</arg>
<arg>Initiate Browser On Android</arg>
<arg>AND</arg>
<arg>Go To Url</arg>
<arg>${url}</arg>
<arg>ELSE IF</arg>
<arg>"${tech}" == "MOBILE_EMULATOR"</arg>
<arg>Initiate MOBILE_EMULATOR_CHROME</arg>
<arg>Pixel 2 XL</arg>
<arg>${url}</arg>
<arg>ELSE</arg>
<arg>run keyword</arg>
<arg>Launch Web Application</arg>
<arg>${url}</arg>
<arg>${browser}</arg>
</arguments>
<kw name="Run Keyword" library="BuiltIn">
<doc>Executes the given keyword with the given arguments.</doc>
<arguments>
<arg>Launch Web Application</arg>
<arg>${url}</arg>
<arg>${browser}</arg>
</arguments>
<kw name="Launch Web Application" library="genericEvents">
<doc>"Launch the application with url https://store-uat1live-us.corp.hpicloud.net/us/en/ConfigureView?catalogId=10051&amp;langId=-1&amp;storeId=10151&amp;urlLangId=&amp;catEntryId=3074457345619203820&amp;quantity=1 in browser chrome"</doc>
<arguments>
<arg>${url}</arg>
<arg>${browser}</arg>
</arguments>
<kw name="Open Browser" library="SeleniumLibrary">
<doc>Opens a new browser instance to the optional ``url``.</doc>
<arguments>
<arg>${url}</arg>
<arg>${browser}</arg>
</arguments>
<msg timestamp="20210311 22:30:39.730" level="INFO">Opening browser 'chrome' to base url 'https://store-uat1live-us.corp.hpicloud.net/us/en/ConfigureView?catalogId=10051&amp;langId=-1&amp;storeId=10151&amp;urlLangId=&amp;catEntryId=3074457345619203820&amp;quantity=1'.</msg>
<kw name="Capture Page Screenshot" library="SeleniumLibrary">
<doc>Takes a screenshot of the current page and embeds it into a log file.</doc>
<msg timestamp="20210311 22:30:43.142" level="INFO" html="yes">&lt;/td&gt;&lt;/tr&gt;&lt;tr&gt;&lt;td colspan="3"&gt;&lt;a href="selenium-screenshot-6.png"&gt;&lt;img src="selenium-screenshot-6.png" width="800px"&gt;&lt;/a&gt;</msg>
<status status="PASS" starttime="20210311 22:30:42.898" endtime="20210311 22:30:43.142"></status>
</kw>
<msg timestamp="20210311 22:30:43.143" level="FAIL">WebDriverException: Message: unknown error: net::ERR_NAME_NOT_RESOLVED
  (Session info: chrome=89.0.4389.82)
</msg>
<status status="FAIL" starttime="20210311 22:30:39.729" endtime="20210311 22:30:43.143"></status>
</kw>
<status status="FAIL" starttime="20210311 22:30:39.729" endtime="20210311 22:30:43.144"></status>
</kw>
<status status="FAIL" starttime="20210311 22:30:39.728" endtime="20210311 22:30:43.144"></status>
</kw>
<status status="FAIL" starttime="20210311 22:30:39.728" endtime="20210311 22:30:43.144"></status>
</kw>
<status status="FAIL" starttime="20210311 22:30:39.727" endtime="20210311 22:30:43.144"></status>
</kw>
<kw name="Browser Close" type="teardown">
<kw name="Run Keyword If" library="BuiltIn">
<doc>Runs the given keyword with the given arguments, if ``condition`` is true.</doc>
<arguments>
<arg>"${tech}" == "MOBILE"</arg>
<arg>run keywords</arg>
<arg>Quit Application</arg>
<arg>AND</arg>
<arg>Close Sauce Lab Session</arg>
<arg>ELSE</arg>
<arg>Close Browser</arg>
</arguments>
<kw name="Close Browser" library="SeleniumLibrary">
<doc>Closes the current browser.</doc>
<status status="PASS" starttime="20210311 22:30:43.147" endtime="20210311 22:30:45.969"></status>
</kw>
<status status="PASS" starttime="20210311 22:30:43.146" endtime="20210311 22:30:45.969"></status>
</kw>
<status status="PASS" starttime="20210311 22:30:43.146" endtime="20210311 22:30:45.969"></status>
</kw>
<tags>
<tag>WEB</tag>
</tags>
<status status="FAIL" starttime="20210311 22:30:39.726" endtime="20210311 22:30:45.970" critical="yes">WebDriverException: Message: unknown error: net::ERR_NAME_NOT_RESOLVED
  (Session info: chrome=89.0.4389.82)
</status>
</test>
<kw name="Browser Close" type="teardown">
<kw name="Run Keyword If" library="BuiltIn">
<doc>Runs the given keyword with the given arguments, if ``condition`` is true.</doc>
<arguments>
<arg>"${tech}" == "MOBILE"</arg>
<arg>run keywords</arg>
<arg>Quit Application</arg>
<arg>AND</arg>
<arg>Close Sauce Lab Session</arg>
<arg>ELSE</arg>
<arg>Close Browser</arg>
</arguments>
<kw name="Close Browser" library="SeleniumLibrary">
<doc>Closes the current browser.</doc>
<status status="PASS" starttime="20210311 22:30:45.972" endtime="20210311 22:30:45.973"></status>
</kw>
<status status="PASS" starttime="20210311 22:30:45.972" endtime="20210311 22:30:45.973"></status>
</kw>
<status status="PASS" starttime="20210311 22:30:45.972" endtime="20210311 22:30:45.973"></status>
</kw>
<status status="FAIL" starttime="20210311 22:30:30.013" endtime="20210311 22:30:45.973"></status>
</suite>
<suite id="s1-s4" name="ETR Home" source="C:\shreya latest\ETR\src\main\Tests\ETR Sanity\ETR_Home.robot">
<kw name="SetupSuite" type="setup">
<kw name="Clear existing images">
<tags>
<tag>cleanup</tag>
<tag>folder</tag>
</tags>
<doc>folder cleanup</doc>
<kw name="Empty Directory" library="OperatingSystem">
<doc>Deletes all the content from the given directory.</doc>
<arguments>
<arg>C:\\shreya latest\\ETR\\src\\main\\Tests\\ETR Sanity${/}/AllScreenCaptures</arg>
</arguments>
<msg timestamp="20210311 22:30:46.030" level="INFO" html="yes">Listing contents of directory '&lt;a href="file://C:\shreya latest\ETR\src\main\Tests\ETR Sanity\AllScreenCaptures"&gt;C:\shreya latest\ETR\src\main\Tests\ETR Sanity\AllScreenCaptures&lt;/a&gt;'.</msg>
<msg timestamp="20210311 22:30:46.030" level="INFO" html="yes">Emptied directory '&lt;a href="file://C:\shreya latest\ETR\src\main\Tests\ETR Sanity\AllScreenCaptures"&gt;C:\shreya latest\ETR\src\main\Tests\ETR Sanity\AllScreenCaptures&lt;/a&gt;'.</msg>
<status status="PASS" starttime="20210311 22:30:46.029" endtime="20210311 22:30:46.030"></status>
</kw>
<status status="PASS" starttime="20210311 22:30:46.029" endtime="20210311 22:30:46.031"></status>
</kw>
<kw name="Run Keyword If" library="BuiltIn">
<doc>Runs the given keyword with the given arguments, if ``condition`` is true.</doc>
<arguments>
<arg>'${tech}'=='MOBILE'</arg>
<arg>import library</arg>
<arg>AppiumLibrary</arg>
<arg>ELSE</arg>
<arg>import library</arg>
<arg>SeleniumLibrary</arg>
</arguments>
<kw name="Import Library" library="BuiltIn">
<doc>Imports a library with the given name and optional arguments.</doc>
<arguments>
<arg>SeleniumLibrary</arg>
</arguments>
<status status="PASS" starttime="20210311 22:30:46.031" endtime="20210311 22:30:46.033"></status>
</kw>
<status status="PASS" starttime="20210311 22:30:46.031" endtime="20210311 22:30:46.033"></status>
</kw>
<kw name="Run Keyword If" library="BuiltIn">
<doc>Runs the given keyword with the given arguments, if ``condition`` is true.</doc>
<arguments>
<arg>'${tech}'!='WEB'</arg>
<arg>import Variables</arg>
<arg>${homePagePOFiles}/homeMobile.py</arg>
<arg>ELSE</arg>
<arg>import Variables</arg>
<arg>${homePagePOFiles}/homeWeb.py</arg>
</arguments>
<kw name="Import Variables" library="BuiltIn">
<doc>Imports a variable file with the given path and optional arguments.</doc>
<arguments>
<arg>${homePagePOFiles}/homeWeb.py</arg>
</arguments>
<status status="PASS" starttime="20210311 22:30:46.033" endtime="20210311 22:30:46.047"></status>
</kw>
<status status="PASS" starttime="20210311 22:30:46.033" endtime="20210311 22:30:46.047"></status>
</kw>
<status status="PASS" starttime="20210311 22:30:46.029" endtime="20210311 22:30:46.047"></status>
</kw>
<test id="s1-s4-t1" name="Verify Home Page Features">
<kw name="Launch ETR Application" library="commonMethods">
<doc>Launch the ETR application with url "https://store-uat1live-us.corp.hpicloud.net/us/en" and accept Privacy options</doc>
<arguments>
<arg>${uat_url}</arg>
</arguments>
<kw name="Run Keyword If" library="BuiltIn">
<doc>Runs the given keyword with the given arguments, if ``condition`` is true.</doc>
<arguments>
<arg>"${tech}" == "MOBILE"</arg>
<arg>run keywords</arg>
<arg>Initiate Browser On Android</arg>
<arg>AND</arg>
<arg>Go To Url</arg>
<arg>${url}</arg>
<arg>ELSE IF</arg>
<arg>"${tech}" == "MOBILE_EMULATOR"</arg>
<arg>Initiate MOBILE_EMULATOR_CHROME</arg>
<arg>Pixel 2 XL</arg>
<arg>${url}</arg>
<arg>ELSE</arg>
<arg>run keyword</arg>
<arg>Launch Web Application</arg>
<arg>${url}</arg>
<arg>${browser}</arg>
</arguments>
<kw name="Run Keyword" library="BuiltIn">
<doc>Executes the given keyword with the given arguments.</doc>
<arguments>
<arg>Launch Web Application</arg>
<arg>${url}</arg>
<arg>${browser}</arg>
</arguments>
<kw name="Launch Web Application" library="genericEvents">
<doc>"Launch the application with url https://store-uat1live-us.corp.hpicloud.net/us/en in browser chrome"</doc>
<arguments>
<arg>${url}</arg>
<arg>${browser}</arg>
</arguments>
<kw name="Open Browser" library="SeleniumLibrary">
<doc>Opens a new browser instance to the optional ``url``.</doc>
<arguments>
<arg>${url}</arg>
<arg>${browser}</arg>
</arguments>
<msg timestamp="20210311 22:30:46.051" level="INFO">Opening browser 'chrome' to base url 'https://store-uat1live-us.corp.hpicloud.net/us/en'.</msg>
<kw name="Capture Page Screenshot" library="SeleniumLibrary">
<doc>Takes a screenshot of the current page and embeds it into a log file.</doc>
<msg timestamp="20210311 22:30:49.543" level="INFO" html="yes">&lt;/td&gt;&lt;/tr&gt;&lt;tr&gt;&lt;td colspan="3"&gt;&lt;a href="selenium-screenshot-7.png"&gt;&lt;img src="selenium-screenshot-7.png" width="800px"&gt;&lt;/a&gt;</msg>
<status status="PASS" starttime="20210311 22:30:49.297" endtime="20210311 22:30:49.543"></status>
</kw>
<msg timestamp="20210311 22:30:49.545" level="FAIL">WebDriverException: Message: unknown error: net::ERR_NAME_NOT_RESOLVED
  (Session info: chrome=89.0.4389.82)
</msg>
<status status="FAIL" starttime="20210311 22:30:46.050" endtime="20210311 22:30:49.545"></status>
</kw>
<status status="FAIL" starttime="20210311 22:30:46.050" endtime="20210311 22:30:49.545"></status>
</kw>
<status status="FAIL" starttime="20210311 22:30:46.049" endtime="20210311 22:30:49.545"></status>
</kw>
<status status="FAIL" starttime="20210311 22:30:46.049" endtime="20210311 22:30:49.545"></status>
</kw>
<status status="FAIL" starttime="20210311 22:30:46.048" endtime="20210311 22:30:49.545"></status>
</kw>
<kw name="Browser Close" type="teardown">
<kw name="Run Keyword If" library="BuiltIn">
<doc>Runs the given keyword with the given arguments, if ``condition`` is true.</doc>
<arguments>
<arg>"${tech}" == "MOBILE"</arg>
<arg>run keywords</arg>
<arg>Quit Application</arg>
<arg>AND</arg>
<arg>Close Sauce Lab Session</arg>
<arg>ELSE</arg>
<arg>Close Browser</arg>
</arguments>
<kw name="Close Browser" library="SeleniumLibrary">
<doc>Closes the current browser.</doc>
<status status="PASS" starttime="20210311 22:30:49.547" endtime="20210311 22:30:52.125"></status>
</kw>
<status status="PASS" starttime="20210311 22:30:49.547" endtime="20210311 22:30:52.125"></status>
</kw>
<status status="PASS" starttime="20210311 22:30:49.546" endtime="20210311 22:30:52.125"></status>
</kw>
<tags>
<tag>MOBILE</tag>
<tag>WEB</tag>
</tags>
<status status="FAIL" starttime="20210311 22:30:46.047" endtime="20210311 22:30:52.126" critical="yes">WebDriverException: Message: unknown error: net::ERR_NAME_NOT_RESOLVED
  (Session info: chrome=89.0.4389.82)
</status>
</test>
<test id="s1-s4-t2" name="Validate Home Page links And Cart to Cart from Top Seller">
<kw name="Launch ETR Application" library="commonMethods">
<doc>Launch the ETR application with url "https://store-uat1live-us.corp.hpicloud.net/us/en" and accept Privacy options</doc>
<arguments>
<arg>${uat_url}</arg>
</arguments>
<kw name="Run Keyword If" library="BuiltIn">
<doc>Runs the given keyword with the given arguments, if ``condition`` is true.</doc>
<arguments>
<arg>"${tech}" == "MOBILE"</arg>
<arg>run keywords</arg>
<arg>Initiate Browser On Android</arg>
<arg>AND</arg>
<arg>Go To Url</arg>
<arg>${url}</arg>
<arg>ELSE IF</arg>
<arg>"${tech}" == "MOBILE_EMULATOR"</arg>
<arg>Initiate MOBILE_EMULATOR_CHROME</arg>
<arg>Pixel 2 XL</arg>
<arg>${url}</arg>
<arg>ELSE</arg>
<arg>run keyword</arg>
<arg>Launch Web Application</arg>
<arg>${url}</arg>
<arg>${browser}</arg>
</arguments>
<kw name="Run Keyword" library="BuiltIn">
<doc>Executes the given keyword with the given arguments.</doc>
<arguments>
<arg>Launch Web Application</arg>
<arg>${url}</arg>
<arg>${browser}</arg>
</arguments>
<kw name="Launch Web Application" library="genericEvents">
<doc>"Launch the application with url https://store-uat1live-us.corp.hpicloud.net/us/en in browser chrome"</doc>
<arguments>
<arg>${url}</arg>
<arg>${browser}</arg>
</arguments>
<kw name="Open Browser" library="SeleniumLibrary">
<doc>Opens a new browser instance to the optional ``url``.</doc>
<arguments>
<arg>${url}</arg>
<arg>${browser}</arg>
</arguments>
<msg timestamp="20210311 22:30:52.131" level="INFO">Opening browser 'chrome' to base url 'https://store-uat1live-us.corp.hpicloud.net/us/en'.</msg>
<kw name="Capture Page Screenshot" library="SeleniumLibrary">
<doc>Takes a screenshot of the current page and embeds it into a log file.</doc>
<msg timestamp="20210311 22:30:55.193" level="INFO" html="yes">&lt;/td&gt;&lt;/tr&gt;&lt;tr&gt;&lt;td colspan="3"&gt;&lt;a href="selenium-screenshot-8.png"&gt;&lt;img src="selenium-screenshot-8.png" width="800px"&gt;&lt;/a&gt;</msg>
<status status="PASS" starttime="20210311 22:30:54.956" endtime="20210311 22:30:55.193"></status>
</kw>
<msg timestamp="20210311 22:30:55.194" level="FAIL">WebDriverException: Message: unknown error: net::ERR_NAME_NOT_RESOLVED
  (Session info: chrome=89.0.4389.82)
</msg>
<status status="FAIL" starttime="20210311 22:30:52.130" endtime="20210311 22:30:55.194"></status>
</kw>
<status status="FAIL" starttime="20210311 22:30:52.130" endtime="20210311 22:30:55.195"></status>
</kw>
<status status="FAIL" starttime="20210311 22:30:52.129" endtime="20210311 22:30:55.195"></status>
</kw>
<status status="FAIL" starttime="20210311 22:30:52.129" endtime="20210311 22:30:55.195"></status>
</kw>
<status status="FAIL" starttime="20210311 22:30:52.128" endtime="20210311 22:30:55.195"></status>
</kw>
<kw name="Browser Close" type="teardown">
<kw name="Run Keyword If" library="BuiltIn">
<doc>Runs the given keyword with the given arguments, if ``condition`` is true.</doc>
<arguments>
<arg>"${tech}" == "MOBILE"</arg>
<arg>run keywords</arg>
<arg>Quit Application</arg>
<arg>AND</arg>
<arg>Close Sauce Lab Session</arg>
<arg>ELSE</arg>
<arg>Close Browser</arg>
</arguments>
<kw name="Close Browser" library="SeleniumLibrary">
<doc>Closes the current browser.</doc>
<status status="PASS" starttime="20210311 22:30:55.197" endtime="20210311 22:30:57.805"></status>
</kw>
<status status="PASS" starttime="20210311 22:30:55.196" endtime="20210311 22:30:57.805"></status>
</kw>
<status status="PASS" starttime="20210311 22:30:55.196" endtime="20210311 22:30:57.805"></status>
</kw>
<tags>
<tag>MOBILE</tag>
<tag>WEB</tag>
</tags>
<status status="FAIL" starttime="20210311 22:30:52.127" endtime="20210311 22:30:57.806" critical="yes">WebDriverException: Message: unknown error: net::ERR_NAME_NOT_RESOLVED
  (Session info: chrome=89.0.4389.82)
</status>
</test>
<kw name="Browser Close" type="teardown">
<kw name="Run Keyword If" library="BuiltIn">
<doc>Runs the given keyword with the given arguments, if ``condition`` is true.</doc>
<arguments>
<arg>"${tech}" == "MOBILE"</arg>
<arg>run keywords</arg>
<arg>Quit Application</arg>
<arg>AND</arg>
<arg>Close Sauce Lab Session</arg>
<arg>ELSE</arg>
<arg>Close Browser</arg>
</arguments>
<kw name="Close Browser" library="SeleniumLibrary">
<doc>Closes the current browser.</doc>
<status status="PASS" starttime="20210311 22:30:57.809" endtime="20210311 22:30:57.809"></status>
</kw>
<status status="PASS" starttime="20210311 22:30:57.808" endtime="20210311 22:30:57.809"></status>
</kw>
<status status="PASS" starttime="20210311 22:30:57.808" endtime="20210311 22:30:57.809"></status>
</kw>
<status status="FAIL" starttime="20210311 22:30:45.976" endtime="20210311 22:30:57.809"></status>
</suite>
<suite id="s1-s5" name="HeaderFooter" source="C:\shreya latest\ETR\src\main\Tests\ETR Sanity\HeaderFooter.robot">
<kw name="SetupSuite" type="setup">
<kw name="Clear existing images">
<tags>
<tag>cleanup</tag>
<tag>folder</tag>
</tags>
<doc>folder cleanup</doc>
<kw name="Empty Directory" library="OperatingSystem">
<doc>Deletes all the content from the given directory.</doc>
<arguments>
<arg>C:\\shreya latest\\ETR\\src\\main\\Tests\\ETR Sanity${/}/AllScreenCaptures</arg>
</arguments>
<msg timestamp="20210311 22:30:57.860" level="INFO" html="yes">Listing contents of directory '&lt;a href="file://C:\shreya latest\ETR\src\main\Tests\ETR Sanity\AllScreenCaptures"&gt;C:\shreya latest\ETR\src\main\Tests\ETR Sanity\AllScreenCaptures&lt;/a&gt;'.</msg>
<msg timestamp="20210311 22:30:57.861" level="INFO" html="yes">Emptied directory '&lt;a href="file://C:\shreya latest\ETR\src\main\Tests\ETR Sanity\AllScreenCaptures"&gt;C:\shreya latest\ETR\src\main\Tests\ETR Sanity\AllScreenCaptures&lt;/a&gt;'.</msg>
<status status="PASS" starttime="20210311 22:30:57.860" endtime="20210311 22:30:57.861"></status>
</kw>
<status status="PASS" starttime="20210311 22:30:57.860" endtime="20210311 22:30:57.861"></status>
</kw>
<kw name="Run Keyword If" library="BuiltIn">
<doc>Runs the given keyword with the given arguments, if ``condition`` is true.</doc>
<arguments>
<arg>'${tech}'=='MOBILE'</arg>
<arg>import library</arg>
<arg>AppiumLibrary</arg>
<arg>ELSE</arg>
<arg>import library</arg>
<arg>SeleniumLibrary</arg>
</arguments>
<kw name="Import Library" library="BuiltIn">
<doc>Imports a library with the given name and optional arguments.</doc>
<arguments>
<arg>SeleniumLibrary</arg>
</arguments>
<status status="PASS" starttime="20210311 22:30:57.862" endtime="20210311 22:30:57.863"></status>
</kw>
<status status="PASS" starttime="20210311 22:30:57.861" endtime="20210311 22:30:57.863"></status>
</kw>
<kw name="Run Keyword If" library="BuiltIn">
<doc>Runs the given keyword with the given arguments, if ``condition`` is true.</doc>
<arguments>
<arg>'${tech}'!='WEB'</arg>
<arg>import Variables</arg>
<arg>${HeaderFooterPOFiles}/HeaderFooterMobile.py</arg>
<arg>ELSE</arg>
<arg>import Variables</arg>
<arg>${HeaderFooterPOFiles}/HeaderFooterWeb.py</arg>
</arguments>
<kw name="Import Variables" library="BuiltIn">
<doc>Imports a variable file with the given path and optional arguments.</doc>
<arguments>
<arg>${HeaderFooterPOFiles}/HeaderFooterWeb.py</arg>
</arguments>
<status status="PASS" starttime="20210311 22:30:57.864" endtime="20210311 22:30:57.877"></status>
</kw>
<status status="PASS" starttime="20210311 22:30:57.863" endtime="20210311 22:30:57.877"></status>
</kw>
<status status="PASS" starttime="20210311 22:30:57.860" endtime="20210311 22:30:57.878"></status>
</kw>
<test id="s1-s5-t1" name="Verify Header Footer links in Homepage Checkout and PGS pages">
<kw name="Launch ETR Application" library="commonMethods">
<doc>Launch the ETR application with url "https://store-uat1live-us.corp.hpicloud.net/us/en" and accept Privacy options</doc>
<arguments>
<arg>${uat_url}</arg>
</arguments>
<kw name="Run Keyword If" library="BuiltIn">
<doc>Runs the given keyword with the given arguments, if ``condition`` is true.</doc>
<arguments>
<arg>"${tech}" == "MOBILE"</arg>
<arg>run keywords</arg>
<arg>Initiate Browser On Android</arg>
<arg>AND</arg>
<arg>Go To Url</arg>
<arg>${url}</arg>
<arg>ELSE IF</arg>
<arg>"${tech}" == "MOBILE_EMULATOR"</arg>
<arg>Initiate MOBILE_EMULATOR_CHROME</arg>
<arg>Pixel 2 XL</arg>
<arg>${url}</arg>
<arg>ELSE</arg>
<arg>run keyword</arg>
<arg>Launch Web Application</arg>
<arg>${url}</arg>
<arg>${browser}</arg>
</arguments>
<kw name="Run Keyword" library="BuiltIn">
<doc>Executes the given keyword with the given arguments.</doc>
<arguments>
<arg>Launch Web Application</arg>
<arg>${url}</arg>
<arg>${browser}</arg>
</arguments>
<kw name="Launch Web Application" library="genericEvents">
<doc>"Launch the application with url https://store-uat1live-us.corp.hpicloud.net/us/en in browser chrome"</doc>
<arguments>
<arg>${url}</arg>
<arg>${browser}</arg>
</arguments>
<kw name="Open Browser" library="SeleniumLibrary">
<doc>Opens a new browser instance to the optional ``url``.</doc>
<arguments>
<arg>${url}</arg>
<arg>${browser}</arg>
</arguments>
<msg timestamp="20210311 22:30:57.881" level="INFO">Opening browser 'chrome' to base url 'https://store-uat1live-us.corp.hpicloud.net/us/en'.</msg>
<kw name="Capture Page Screenshot" library="SeleniumLibrary">
<doc>Takes a screenshot of the current page and embeds it into a log file.</doc>
<msg timestamp="20210311 22:31:03.194" level="INFO" html="yes">&lt;/td&gt;&lt;/tr&gt;&lt;tr&gt;&lt;td colspan="3"&gt;&lt;a href="selenium-screenshot-9.png"&gt;&lt;img src="selenium-screenshot-9.png" width="800px"&gt;&lt;/a&gt;</msg>
<status status="PASS" starttime="20210311 22:31:02.748" endtime="20210311 22:31:03.195"></status>
</kw>
<msg timestamp="20210311 22:31:03.196" level="FAIL">WebDriverException: Message: unknown error: net::ERR_NAME_NOT_RESOLVED
  (Session info: chrome=89.0.4389.82)
</msg>
<status status="FAIL" starttime="20210311 22:30:57.881" endtime="20210311 22:31:03.196"></status>
</kw>
<status status="FAIL" starttime="20210311 22:30:57.880" endtime="20210311 22:31:03.196"></status>
</kw>
<status status="FAIL" starttime="20210311 22:30:57.880" endtime="20210311 22:31:03.196"></status>
</kw>
<status status="FAIL" starttime="20210311 22:30:57.879" endtime="20210311 22:31:03.196"></status>
</kw>
<status status="FAIL" starttime="20210311 22:30:57.879" endtime="20210311 22:31:03.196"></status>
</kw>
<kw name="Browser Close" type="teardown">
<kw name="Run Keyword If" library="BuiltIn">
<doc>Runs the given keyword with the given arguments, if ``condition`` is true.</doc>
<arguments>
<arg>"${tech}" == "MOBILE"</arg>
<arg>run keywords</arg>
<arg>Quit Application</arg>
<arg>AND</arg>
<arg>Close Sauce Lab Session</arg>
<arg>ELSE</arg>
<arg>Close Browser</arg>
</arguments>
<kw name="Close Browser" library="SeleniumLibrary">
<doc>Closes the current browser.</doc>
<status status="PASS" starttime="20210311 22:31:03.198" endtime="20210311 22:31:05.832"></status>
</kw>
<status status="PASS" starttime="20210311 22:31:03.198" endtime="20210311 22:31:05.832"></status>
</kw>
<status status="PASS" starttime="20210311 22:31:03.197" endtime="20210311 22:31:05.832"></status>
</kw>
<tags>
<tag>MOBILE</tag>
<tag>WEB</tag>
</tags>
<status status="FAIL" starttime="20210311 22:30:57.878" endtime="20210311 22:31:05.833" critical="yes">WebDriverException: Message: unknown error: net::ERR_NAME_NOT_RESOLVED
  (Session info: chrome=89.0.4389.82)
</status>
</test>
<test id="s1-s5-t2" name="Verify Header Footer links in Homepage Checkout and PGS pages Private User">
<kw name="Launch ETR Application" library="commonMethods">
<doc>Launch the ETR application with url "https://store-uat1live-us.corp.hpicloud.net/us/en" and accept Privacy options</doc>
<arguments>
<arg>${uat_url}</arg>
</arguments>
<kw name="Run Keyword If" library="BuiltIn">
<doc>Runs the given keyword with the given arguments, if ``condition`` is true.</doc>
<arguments>
<arg>"${tech}" == "MOBILE"</arg>
<arg>run keywords</arg>
<arg>Initiate Browser On Android</arg>
<arg>AND</arg>
<arg>Go To Url</arg>
<arg>${url}</arg>
<arg>ELSE IF</arg>
<arg>"${tech}" == "MOBILE_EMULATOR"</arg>
<arg>Initiate MOBILE_EMULATOR_CHROME</arg>
<arg>Pixel 2 XL</arg>
<arg>${url}</arg>
<arg>ELSE</arg>
<arg>run keyword</arg>
<arg>Launch Web Application</arg>
<arg>${url}</arg>
<arg>${browser}</arg>
</arguments>
<kw name="Run Keyword" library="BuiltIn">
<doc>Executes the given keyword with the given arguments.</doc>
<arguments>
<arg>Launch Web Application</arg>
<arg>${url}</arg>
<arg>${browser}</arg>
</arguments>
<kw name="Launch Web Application" library="genericEvents">
<doc>"Launch the application with url https://store-uat1live-us.corp.hpicloud.net/us/en in browser chrome"</doc>
<arguments>
<arg>${url}</arg>
<arg>${browser}</arg>
</arguments>
<kw name="Open Browser" library="SeleniumLibrary">
<doc>Opens a new browser instance to the optional ``url``.</doc>
<arguments>
<arg>${url}</arg>
<arg>${browser}</arg>
</arguments>
<msg timestamp="20210311 22:31:05.838" level="INFO">Opening browser 'chrome' to base url 'https://store-uat1live-us.corp.hpicloud.net/us/en'.</msg>
<kw name="Capture Page Screenshot" library="SeleniumLibrary">
<doc>Takes a screenshot of the current page and embeds it into a log file.</doc>
<msg timestamp="20210311 22:31:09.068" level="INFO" html="yes">&lt;/td&gt;&lt;/tr&gt;&lt;tr&gt;&lt;td colspan="3"&gt;&lt;a href="selenium-screenshot-10.png"&gt;&lt;img src="selenium-screenshot-10.png" width="800px"&gt;&lt;/a&gt;</msg>
<status status="PASS" starttime="20210311 22:31:08.823" endtime="20210311 22:31:09.068"></status>
</kw>
<msg timestamp="20210311 22:31:09.069" level="FAIL">WebDriverException: Message: unknown error: net::ERR_NAME_NOT_RESOLVED
  (Session info: chrome=89.0.4389.82)
</msg>
<status status="FAIL" starttime="20210311 22:31:05.838" endtime="20210311 22:31:09.069"></status>
</kw>
<status status="FAIL" starttime="20210311 22:31:05.837" endtime="20210311 22:31:09.070"></status>
</kw>
<status status="FAIL" starttime="20210311 22:31:05.837" endtime="20210311 22:31:09.070"></status>
</kw>
<status status="FAIL" starttime="20210311 22:31:05.836" endtime="20210311 22:31:09.070"></status>
</kw>
<status status="FAIL" starttime="20210311 22:31:05.836" endtime="20210311 22:31:09.070"></status>
</kw>
<kw name="Browser Close" type="teardown">
<kw name="Run Keyword If" library="BuiltIn">
<doc>Runs the given keyword with the given arguments, if ``condition`` is true.</doc>
<arguments>
<arg>"${tech}" == "MOBILE"</arg>
<arg>run keywords</arg>
<arg>Quit Application</arg>
<arg>AND</arg>
<arg>Close Sauce Lab Session</arg>
<arg>ELSE</arg>
<arg>Close Browser</arg>
</arguments>
<kw name="Close Browser" library="SeleniumLibrary">
<doc>Closes the current browser.</doc>
<status status="PASS" starttime="20210311 22:31:09.072" endtime="20210311 22:31:11.708"></status>
</kw>
<status status="PASS" starttime="20210311 22:31:09.071" endtime="20210311 22:31:11.708"></status>
</kw>
<status status="PASS" starttime="20210311 22:31:09.071" endtime="20210311 22:31:11.708"></status>
</kw>
<tags>
<tag>MOBILE</tag>
<tag>WEB</tag>
</tags>
<status status="FAIL" starttime="20210311 22:31:05.835" endtime="20210311 22:31:11.709" critical="yes">WebDriverException: Message: unknown error: net::ERR_NAME_NOT_RESOLVED
  (Session info: chrome=89.0.4389.82)
</status>
</test>
<kw name="Browser Close" type="teardown">
<kw name="Run Keyword If" library="BuiltIn">
<doc>Runs the given keyword with the given arguments, if ``condition`` is true.</doc>
<arguments>
<arg>"${tech}" == "MOBILE"</arg>
<arg>run keywords</arg>
<arg>Quit Application</arg>
<arg>AND</arg>
<arg>Close Sauce Lab Session</arg>
<arg>ELSE</arg>
<arg>Close Browser</arg>
</arguments>
<kw name="Close Browser" library="SeleniumLibrary">
<doc>Closes the current browser.</doc>
<status status="PASS" starttime="20210311 22:31:11.712" endtime="20210311 22:31:11.712"></status>
</kw>
<status status="PASS" starttime="20210311 22:31:11.711" endtime="20210311 22:31:11.712"></status>
</kw>
<status status="PASS" starttime="20210311 22:31:11.711" endtime="20210311 22:31:11.712"></status>
</kw>
<status status="FAIL" starttime="20210311 22:30:57.812" endtime="20210311 22:31:11.712"></status>
</suite>
<suite id="s1-s6" name="MDP" source="C:\shreya latest\ETR\src\main\Tests\ETR Sanity\MDP.robot">
<kw name="SetupSuite" type="setup">
<kw name="Clear existing images">
<tags>
<tag>cleanup</tag>
<tag>folder</tag>
</tags>
<doc>folder cleanup</doc>
<kw name="Empty Directory" library="OperatingSystem">
<doc>Deletes all the content from the given directory.</doc>
<arguments>
<arg>C:\\shreya latest\\ETR\\src\\main\\Tests\\ETR Sanity${/}/AllScreenCaptures</arg>
</arguments>
<msg timestamp="20210311 22:31:11.767" level="INFO" html="yes">Listing contents of directory '&lt;a href="file://C:\shreya latest\ETR\src\main\Tests\ETR Sanity\AllScreenCaptures"&gt;C:\shreya latest\ETR\src\main\Tests\ETR Sanity\AllScreenCaptures&lt;/a&gt;'.</msg>
<msg timestamp="20210311 22:31:11.768" level="INFO" html="yes">Emptied directory '&lt;a href="file://C:\shreya latest\ETR\src\main\Tests\ETR Sanity\AllScreenCaptures"&gt;C:\shreya latest\ETR\src\main\Tests\ETR Sanity\AllScreenCaptures&lt;/a&gt;'.</msg>
<status status="PASS" starttime="20210311 22:31:11.767" endtime="20210311 22:31:11.768"></status>
</kw>
<status status="PASS" starttime="20210311 22:31:11.766" endtime="20210311 22:31:11.768"></status>
</kw>
<kw name="Run Keyword If" library="BuiltIn">
<doc>Runs the given keyword with the given arguments, if ``condition`` is true.</doc>
<arguments>
<arg>'${tech}'=='MOBILE'</arg>
<arg>import library</arg>
<arg>AppiumLibrary</arg>
<arg>ELSE</arg>
<arg>import library</arg>
<arg>SeleniumLibrary</arg>
</arguments>
<kw name="Import Library" library="BuiltIn">
<doc>Imports a library with the given name and optional arguments.</doc>
<arguments>
<arg>SeleniumLibrary</arg>
</arguments>
<status status="PASS" starttime="20210311 22:31:11.769" endtime="20210311 22:31:11.770"></status>
</kw>
<status status="PASS" starttime="20210311 22:31:11.768" endtime="20210311 22:31:11.770"></status>
</kw>
<kw name="Run Keyword If" library="BuiltIn">
<doc>Runs the given keyword with the given arguments, if ``condition`` is true.</doc>
<arguments>
<arg>'${tech}'!='WEB'</arg>
<arg>import Variables</arg>
<arg>${MDPPOFiles}/MDPMobile.py</arg>
<arg>ELSE</arg>
<arg>import Variables</arg>
<arg>${MDPPOFiles}/MDPWeb.py</arg>
</arguments>
<kw name="Import Variables" library="BuiltIn">
<doc>Imports a variable file with the given path and optional arguments.</doc>
<arguments>
<arg>${MDPPOFiles}/MDPWeb.py</arg>
</arguments>
<status status="PASS" starttime="20210311 22:31:11.770" endtime="20210311 22:31:11.785"></status>
</kw>
<status status="PASS" starttime="20210311 22:31:11.770" endtime="20210311 22:31:11.785"></status>
</kw>
<status status="PASS" starttime="20210311 22:31:11.766" endtime="20210311 22:31:11.785"></status>
</kw>
<test id="s1-s6-t1" name="Verify Options From MDP Page">
<kw name="Launch ETR Application" library="commonMethods">
<doc>Launch the ETR application with url "https://store-uat1live-us.corp.hpicloud.net/us/en" and accept Privacy options</doc>
<arguments>
<arg>${mdp_uat_url}</arg>
</arguments>
<kw name="Run Keyword If" library="BuiltIn">
<doc>Runs the given keyword with the given arguments, if ``condition`` is true.</doc>
<arguments>
<arg>"${tech}" == "MOBILE"</arg>
<arg>run keywords</arg>
<arg>Initiate Browser On Android</arg>
<arg>AND</arg>
<arg>Go To Url</arg>
<arg>${url}</arg>
<arg>ELSE IF</arg>
<arg>"${tech}" == "MOBILE_EMULATOR"</arg>
<arg>Initiate MOBILE_EMULATOR_CHROME</arg>
<arg>Pixel 2 XL</arg>
<arg>${url}</arg>
<arg>ELSE</arg>
<arg>run keyword</arg>
<arg>Launch Web Application</arg>
<arg>${url}</arg>
<arg>${browser}</arg>
</arguments>
<kw name="Run Keyword" library="BuiltIn">
<doc>Executes the given keyword with the given arguments.</doc>
<arguments>
<arg>Launch Web Application</arg>
<arg>${url}</arg>
<arg>${browser}</arg>
</arguments>
<kw name="Launch Web Application" library="genericEvents">
<doc>"Launch the application with url https://store-uat1live-us.corp.hpicloud.net/us/en/mdp/desktops/hp-envy-32-all-in-ones#!&amp;tab in browser chrome"</doc>
<arguments>
<arg>${url}</arg>
<arg>${browser}</arg>
</arguments>
<kw name="Open Browser" library="SeleniumLibrary">
<doc>Opens a new browser instance to the optional ``url``.</doc>
<arguments>
<arg>${url}</arg>
<arg>${browser}</arg>
</arguments>
<msg timestamp="20210311 22:31:11.788" level="INFO">Opening browser 'chrome' to base url 'https://store-uat1live-us.corp.hpicloud.net/us/en/mdp/desktops/hp-envy-32-all-in-ones#!&amp;tab'.</msg>
<kw name="Capture Page Screenshot" library="SeleniumLibrary">
<doc>Takes a screenshot of the current page and embeds it into a log file.</doc>
<msg timestamp="20210311 22:31:15.038" level="INFO" html="yes">&lt;/td&gt;&lt;/tr&gt;&lt;tr&gt;&lt;td colspan="3"&gt;&lt;a href="selenium-screenshot-11.png"&gt;&lt;img src="selenium-screenshot-11.png" width="800px"&gt;&lt;/a&gt;</msg>
<status status="PASS" starttime="20210311 22:31:14.794" endtime="20210311 22:31:15.038"></status>
</kw>
<msg timestamp="20210311 22:31:15.039" level="FAIL">WebDriverException: Message: unknown error: net::ERR_NAME_NOT_RESOLVED
  (Session info: chrome=89.0.4389.82)
</msg>
<status status="FAIL" starttime="20210311 22:31:11.788" endtime="20210311 22:31:15.040"></status>
</kw>
<status status="FAIL" starttime="20210311 22:31:11.788" endtime="20210311 22:31:15.040"></status>
</kw>
<status status="FAIL" starttime="20210311 22:31:11.787" endtime="20210311 22:31:15.040"></status>
</kw>
<status status="FAIL" starttime="20210311 22:31:11.787" endtime="20210311 22:31:15.040"></status>
</kw>
<status status="FAIL" starttime="20210311 22:31:11.786" endtime="20210311 22:31:15.040"></status>
</kw>
<kw name="Browser Close" type="teardown">
<kw name="Run Keyword If" library="BuiltIn">
<doc>Runs the given keyword with the given arguments, if ``condition`` is true.</doc>
<arguments>
<arg>"${tech}" == "MOBILE"</arg>
<arg>Quit Application</arg>
<arg>ELSE</arg>
<arg>Close Browser</arg>
</arguments>
<kw name="Close Browser" library="SeleniumLibrary">
<doc>Closes the current browser.</doc>
<status status="PASS" starttime="20210311 22:31:15.042" endtime="20210311 22:31:17.672"></status>
</kw>
<status status="PASS" starttime="20210311 22:31:15.041" endtime="20210311 22:31:17.672"></status>
</kw>
<status status="PASS" starttime="20210311 22:31:15.041" endtime="20210311 22:31:17.672"></status>
</kw>
<doc>Validate 'Add to cart' &amp; 'Customize &amp; buy' options from MDP</doc>
<tags>
<tag>MOBILE</tag>
<tag>WEB</tag>
</tags>
<status status="FAIL" starttime="20210311 22:31:11.785" endtime="20210311 22:31:17.673" critical="yes">WebDriverException: Message: unknown error: net::ERR_NAME_NOT_RESOLVED
  (Session info: chrome=89.0.4389.82)
</status>
</test>
<test id="s1-s6-t2" name="TC_Validate_MDP_features">
<kw name="Launch ETR Application" library="commonMethods">
<doc>Launch the ETR application with url "https://store-uat1live-us.corp.hpicloud.net/us/en" and accept Privacy options</doc>
<arguments>
<arg>${mdp_Uat_Fea_url}</arg>
</arguments>
<kw name="Run Keyword If" library="BuiltIn">
<doc>Runs the given keyword with the given arguments, if ``condition`` is true.</doc>
<arguments>
<arg>"${tech}" == "MOBILE"</arg>
<arg>run keywords</arg>
<arg>Initiate Browser On Android</arg>
<arg>AND</arg>
<arg>Go To Url</arg>
<arg>${url}</arg>
<arg>ELSE IF</arg>
<arg>"${tech}" == "MOBILE_EMULATOR"</arg>
<arg>Initiate MOBILE_EMULATOR_CHROME</arg>
<arg>Pixel 2 XL</arg>
<arg>${url}</arg>
<arg>ELSE</arg>
<arg>run keyword</arg>
<arg>Launch Web Application</arg>
<arg>${url}</arg>
<arg>${browser}</arg>
</arguments>
<kw name="Run Keyword" library="BuiltIn">
<doc>Executes the given keyword with the given arguments.</doc>
<arguments>
<arg>Launch Web Application</arg>
<arg>${url}</arg>
<arg>${browser}</arg>
</arguments>
<kw name="Launch Web Application" library="genericEvents">
<doc>"Launch the application with url https://store-uat1live-us.corp.hpicloud.net/us/en/mdp/laptops/probook-600-14-243575--1#!&amp;tab=features in browser chrome"</doc>
<arguments>
<arg>${url}</arg>
<arg>${browser}</arg>
</arguments>
<kw name="Open Browser" library="SeleniumLibrary">
<doc>Opens a new browser instance to the optional ``url``.</doc>
<arguments>
<arg>${url}</arg>
<arg>${browser}</arg>
</arguments>
<msg timestamp="20210311 22:31:17.678" level="INFO">Opening browser 'chrome' to base url 'https://store-uat1live-us.corp.hpicloud.net/us/en/mdp/laptops/probook-600-14-243575--1#!&amp;tab=features'.</msg>
<kw name="Capture Page Screenshot" library="SeleniumLibrary">
<doc>Takes a screenshot of the current page and embeds it into a log file.</doc>
<msg timestamp="20210311 22:31:20.833" level="INFO" html="yes">&lt;/td&gt;&lt;/tr&gt;&lt;tr&gt;&lt;td colspan="3"&gt;&lt;a href="selenium-screenshot-12.png"&gt;&lt;img src="selenium-screenshot-12.png" width="800px"&gt;&lt;/a&gt;</msg>
<status status="PASS" starttime="20210311 22:31:20.601" endtime="20210311 22:31:20.833"></status>
</kw>
<msg timestamp="20210311 22:31:20.834" level="FAIL">WebDriverException: Message: unknown error: net::ERR_NAME_NOT_RESOLVED
  (Session info: chrome=89.0.4389.82)
</msg>
<status status="FAIL" starttime="20210311 22:31:17.678" endtime="20210311 22:31:20.835"></status>
</kw>
<status status="FAIL" starttime="20210311 22:31:17.677" endtime="20210311 22:31:20.835"></status>
</kw>
<status status="FAIL" starttime="20210311 22:31:17.676" endtime="20210311 22:31:20.835"></status>
</kw>
<status status="FAIL" starttime="20210311 22:31:17.676" endtime="20210311 22:31:20.835"></status>
</kw>
<status status="FAIL" starttime="20210311 22:31:17.675" endtime="20210311 22:31:20.835"></status>
</kw>
<kw name="Browser Close" type="teardown">
<kw name="Run Keyword If" library="BuiltIn">
<doc>Runs the given keyword with the given arguments, if ``condition`` is true.</doc>
<arguments>
<arg>"${tech}" == "MOBILE"</arg>
<arg>Quit Application</arg>
<arg>ELSE</arg>
<arg>Close Browser</arg>
</arguments>
<kw name="Close Browser" library="SeleniumLibrary">
<doc>Closes the current browser.</doc>
<status status="PASS" starttime="20210311 22:31:20.837" endtime="20210311 22:31:24.969"></status>
</kw>
<status status="PASS" starttime="20210311 22:31:20.836" endtime="20210311 22:31:24.969"></status>
</kw>
<status status="PASS" starttime="20210311 22:31:20.836" endtime="20210311 22:31:24.969"></status>
</kw>
<status status="FAIL" starttime="20210311 22:31:17.674" endtime="20210311 22:31:24.970" critical="yes">WebDriverException: Message: unknown error: net::ERR_NAME_NOT_RESOLVED
  (Session info: chrome=89.0.4389.82)
</status>
</test>
<test id="s1-s6-t3" name="TC_Validate_Compare_Option_in_MDP">
<kw name="Launch ETR Application" library="commonMethods">
<doc>Launch the ETR application with url "https://store-uat1live-us.corp.hpicloud.net/us/en" and accept Privacy options</doc>
<arguments>
<arg>${mdp_Uat_Compare_url}</arg>
</arguments>
<kw name="Run Keyword If" library="BuiltIn">
<doc>Runs the given keyword with the given arguments, if ``condition`` is true.</doc>
<arguments>
<arg>"${tech}" == "MOBILE"</arg>
<arg>run keywords</arg>
<arg>Initiate Browser On Android</arg>
<arg>AND</arg>
<arg>Go To Url</arg>
<arg>${url}</arg>
<arg>ELSE IF</arg>
<arg>"${tech}" == "MOBILE_EMULATOR"</arg>
<arg>Initiate MOBILE_EMULATOR_CHROME</arg>
<arg>Pixel 2 XL</arg>
<arg>${url}</arg>
<arg>ELSE</arg>
<arg>run keyword</arg>
<arg>Launch Web Application</arg>
<arg>${url}</arg>
<arg>${browser}</arg>
</arguments>
<kw name="Run Keyword" library="BuiltIn">
<doc>Executes the given keyword with the given arguments.</doc>
<arguments>
<arg>Launch Web Application</arg>
<arg>${url}</arg>
<arg>${browser}</arg>
</arguments>
<kw name="Launch Web Application" library="genericEvents">
<doc>"Launch the application with url https://store-uat1live-us.corp.hpicloud.net/us/en/mdp/elitebook--zbook---probook/hp-470-g7-notebook-3074457345617454669--1#!&amp;tab=vao  in browser chrome"</doc>
<arguments>
<arg>${url}</arg>
<arg>${browser}</arg>
</arguments>
<kw name="Open Browser" library="SeleniumLibrary">
<doc>Opens a new browser instance to the optional ``url``.</doc>
<arguments>
<arg>${url}</arg>
<arg>${browser}</arg>
</arguments>
<msg timestamp="20210311 22:31:24.975" level="INFO">Opening browser 'chrome' to base url 'https://store-uat1live-us.corp.hpicloud.net/us/en/mdp/elitebook--zbook---probook/hp-470-g7-notebook-3074457345617454669--1#!&amp;tab=vao '.</msg>
<kw name="Capture Page Screenshot" library="SeleniumLibrary">
<doc>Takes a screenshot of the current page and embeds it into a log file.</doc>
<msg timestamp="20210311 22:31:28.162" level="INFO" html="yes">&lt;/td&gt;&lt;/tr&gt;&lt;tr&gt;&lt;td colspan="3"&gt;&lt;a href="selenium-screenshot-13.png"&gt;&lt;img src="selenium-screenshot-13.png" width="800px"&gt;&lt;/a&gt;</msg>
<status status="PASS" starttime="20210311 22:31:27.924" endtime="20210311 22:31:28.162"></status>
</kw>
<msg timestamp="20210311 22:31:28.163" level="FAIL">WebDriverException: Message: unknown error: net::ERR_NAME_NOT_RESOLVED
  (Session info: chrome=89.0.4389.82)
</msg>
<status status="FAIL" starttime="20210311 22:31:24.974" endtime="20210311 22:31:28.163"></status>
</kw>
<status status="FAIL" starttime="20210311 22:31:24.974" endtime="20210311 22:31:28.164"></status>
</kw>
<status status="FAIL" starttime="20210311 22:31:24.973" endtime="20210311 22:31:28.164"></status>
</kw>
<status status="FAIL" starttime="20210311 22:31:24.973" endtime="20210311 22:31:28.164"></status>
</kw>
<status status="FAIL" starttime="20210311 22:31:24.972" endtime="20210311 22:31:28.164"></status>
</kw>
<kw name="Browser Close" type="teardown">
<kw name="Run Keyword If" library="BuiltIn">
<doc>Runs the given keyword with the given arguments, if ``condition`` is true.</doc>
<arguments>
<arg>"${tech}" == "MOBILE"</arg>
<arg>Quit Application</arg>
<arg>ELSE</arg>
<arg>Close Browser</arg>
</arguments>
<kw name="Close Browser" library="SeleniumLibrary">
<doc>Closes the current browser.</doc>
<status status="PASS" starttime="20210311 22:31:28.166" endtime="20210311 22:31:30.766"></status>
</kw>
<status status="PASS" starttime="20210311 22:31:28.165" endtime="20210311 22:31:30.766"></status>
</kw>
<status status="PASS" starttime="20210311 22:31:28.165" endtime="20210311 22:31:30.766"></status>
</kw>
<status status="FAIL" starttime="20210311 22:31:24.971" endtime="20210311 22:31:30.767" critical="yes">WebDriverException: Message: unknown error: net::ERR_NAME_NOT_RESOLVED
  (Session info: chrome=89.0.4389.82)
</status>
</test>
<kw name="Browser Close" type="teardown">
<kw name="Run Keyword If" library="BuiltIn">
<doc>Runs the given keyword with the given arguments, if ``condition`` is true.</doc>
<arguments>
<arg>"${tech}" == "MOBILE"</arg>
<arg>Quit Application</arg>
<arg>ELSE</arg>
<arg>Close Browser</arg>
</arguments>
<kw name="Close Browser" library="SeleniumLibrary">
<doc>Closes the current browser.</doc>
<status status="PASS" starttime="20210311 22:31:30.770" endtime="20210311 22:31:30.770"></status>
</kw>
<status status="PASS" starttime="20210311 22:31:30.769" endtime="20210311 22:31:30.770"></status>
</kw>
<status status="PASS" starttime="20210311 22:31:30.769" endtime="20210311 22:31:30.770"></status>
</kw>
<status status="FAIL" starttime="20210311 22:31:11.715" endtime="20210311 22:31:30.770"></status>
</suite>
<suite id="s1-s7" name="MLP" source="C:\shreya latest\ETR\src\main\Tests\ETR Sanity\MLP.robot">
<kw name="SetupSuite" type="setup">
<kw name="Clear existing images">
<tags>
<tag>cleanup</tag>
<tag>folder</tag>
</tags>
<doc>folder cleanup</doc>
<kw name="Empty Directory" library="OperatingSystem">
<doc>Deletes all the content from the given directory.</doc>
<arguments>
<arg>C:\\shreya latest\\ETR\\src\\main\\Tests\\ETR Sanity${/}/AllScreenCaptures</arg>
</arguments>
<msg timestamp="20210311 22:31:30.841" level="INFO" html="yes">Listing contents of directory '&lt;a href="file://C:\shreya latest\ETR\src\main\Tests\ETR Sanity\AllScreenCaptures"&gt;C:\shreya latest\ETR\src\main\Tests\ETR Sanity\AllScreenCaptures&lt;/a&gt;'.</msg>
<msg timestamp="20210311 22:31:30.842" level="INFO" html="yes">Emptied directory '&lt;a href="file://C:\shreya latest\ETR\src\main\Tests\ETR Sanity\AllScreenCaptures"&gt;C:\shreya latest\ETR\src\main\Tests\ETR Sanity\AllScreenCaptures&lt;/a&gt;'.</msg>
<status status="PASS" starttime="20210311 22:31:30.841" endtime="20210311 22:31:30.842"></status>
</kw>
<status status="PASS" starttime="20210311 22:31:30.841" endtime="20210311 22:31:30.842"></status>
</kw>
<kw name="Run Keyword If" library="BuiltIn">
<doc>Runs the given keyword with the given arguments, if ``condition`` is true.</doc>
<arguments>
<arg>'${tech}'=='MOBILE'</arg>
<arg>import library</arg>
<arg>AppiumLibrary</arg>
<arg>ELSE</arg>
<arg>import library</arg>
<arg>SeleniumLibrary</arg>
</arguments>
<kw name="Import Library" library="BuiltIn">
<doc>Imports a library with the given name and optional arguments.</doc>
<arguments>
<arg>SeleniumLibrary</arg>
</arguments>
<status status="PASS" starttime="20210311 22:31:30.843" endtime="20210311 22:31:30.844"></status>
</kw>
<status status="PASS" starttime="20210311 22:31:30.842" endtime="20210311 22:31:30.844"></status>
</kw>
<kw name="Run Keyword If" library="BuiltIn">
<doc>Runs the given keyword with the given arguments, if ``condition`` is true.</doc>
<arguments>
<arg>'${tech}'!='WEB'</arg>
<arg>import Variables</arg>
<arg>${MLPPOFiles}/MLPMobile.py</arg>
<arg>ELSE</arg>
<arg>import Variables</arg>
<arg>${MLPPOFiles}/MLPWeb.py</arg>
</arguments>
<kw name="Import Variables" library="BuiltIn">
<doc>Imports a variable file with the given path and optional arguments.</doc>
<arguments>
<arg>${MLPPOFiles}/MLPWeb.py</arg>
</arguments>
<status status="PASS" starttime="20210311 22:31:30.845" endtime="20210311 22:31:30.846"></status>
</kw>
<status status="PASS" starttime="20210311 22:31:30.844" endtime="20210311 22:31:30.846"></status>
</kw>
<status status="PASS" starttime="20210311 22:31:30.840" endtime="20210311 22:31:30.846"></status>
</kw>
<test id="s1-s7-t1" name="VVerify MLP Page Features">
<kw name="Launch ETR Application" library="commonMethods">
<doc>Launch the ETR application with url "https://store-uat1live-us.corp.hpicloud.net/us/en" and accept Privacy options</doc>
<arguments>
<arg>${mlp_url}</arg>
</arguments>
<kw name="Run Keyword If" library="BuiltIn">
<doc>Runs the given keyword with the given arguments, if ``condition`` is true.</doc>
<arguments>
<arg>"${tech}" == "MOBILE"</arg>
<arg>run keywords</arg>
<arg>Initiate Browser On Android</arg>
<arg>AND</arg>
<arg>Go To Url</arg>
<arg>${url}</arg>
<arg>ELSE IF</arg>
<arg>"${tech}" == "MOBILE_EMULATOR"</arg>
<arg>Initiate MOBILE_EMULATOR_CHROME</arg>
<arg>Pixel 2 XL</arg>
<arg>${url}</arg>
<arg>ELSE</arg>
<arg>run keyword</arg>
<arg>Launch Web Application</arg>
<arg>${url}</arg>
<arg>${browser}</arg>
</arguments>
<kw name="Run Keyword" library="BuiltIn">
<doc>Executes the given keyword with the given arguments.</doc>
<arguments>
<arg>Launch Web Application</arg>
<arg>${url}</arg>
<arg>${browser}</arg>
</arguments>
<kw name="Launch Web Application" library="genericEvents">
<doc>"Launch the application with url https://store-uat1live-us.corp.hpicloud.net/us/en/mlp/laptops/elitebook--zbook---probook in browser chrome"</doc>
<arguments>
<arg>${url}</arg>
<arg>${browser}</arg>
</arguments>
<kw name="Open Browser" library="SeleniumLibrary">
<doc>Opens a new browser instance to the optional ``url``.</doc>
<arguments>
<arg>${url}</arg>
<arg>${browser}</arg>
</arguments>
<msg timestamp="20210311 22:31:30.849" level="INFO">Opening browser 'chrome' to base url 'https://store-uat1live-us.corp.hpicloud.net/us/en/mlp/laptops/elitebook--zbook---probook'.</msg>
<kw name="Capture Page Screenshot" library="SeleniumLibrary">
<doc>Takes a screenshot of the current page and embeds it into a log file.</doc>
<msg timestamp="20210311 22:31:34.407" level="INFO" html="yes">&lt;/td&gt;&lt;/tr&gt;&lt;tr&gt;&lt;td colspan="3"&gt;&lt;a href="selenium-screenshot-14.png"&gt;&lt;img src="selenium-screenshot-14.png" width="800px"&gt;&lt;/a&gt;</msg>
<status status="PASS" starttime="20210311 22:31:34.166" endtime="20210311 22:31:34.408"></status>
</kw>
<msg timestamp="20210311 22:31:34.409" level="FAIL">WebDriverException: Message: unknown error: net::ERR_NAME_NOT_RESOLVED
  (Session info: chrome=89.0.4389.82)
</msg>
<status status="FAIL" starttime="20210311 22:31:30.849" endtime="20210311 22:31:34.409"></status>
</kw>
<status status="FAIL" starttime="20210311 22:31:30.848" endtime="20210311 22:31:34.409"></status>
</kw>
<status status="FAIL" starttime="20210311 22:31:30.848" endtime="20210311 22:31:34.409"></status>
</kw>
<status status="FAIL" starttime="20210311 22:31:30.847" endtime="20210311 22:31:34.409"></status>
</kw>
<status status="FAIL" starttime="20210311 22:31:30.847" endtime="20210311 22:31:34.409"></status>
</kw>
<kw name="Browser Close" type="teardown">
<kw name="Run Keyword If" library="BuiltIn">
<doc>Runs the given keyword with the given arguments, if ``condition`` is true.</doc>
<arguments>
<arg>"${tech}" == "MOBILE"</arg>
<arg>run keywords</arg>
<arg>Quit Application</arg>
<arg>AND</arg>
<arg>Close Sauce Lab Session</arg>
<arg>ELSE</arg>
<arg>Close Browser</arg>
</arguments>
<kw name="Close Browser" library="SeleniumLibrary">
<doc>Closes the current browser.</doc>
<status status="PASS" starttime="20210311 22:31:34.411" endtime="20210311 22:31:37.092"></status>
</kw>
<status status="PASS" starttime="20210311 22:31:34.410" endtime="20210311 22:31:37.092"></status>
</kw>
<status status="PASS" starttime="20210311 22:31:34.410" endtime="20210311 22:31:37.092"></status>
</kw>
<tags>
<tag>MOBILE</tag>
<tag>WEB</tag>
</tags>
<status status="FAIL" starttime="20210311 22:31:30.846" endtime="20210311 22:31:37.093" critical="yes">WebDriverException: Message: unknown error: net::ERR_NAME_NOT_RESOLVED
  (Session info: chrome=89.0.4389.82)
</status>
</test>
<kw name="Browser Close" type="teardown">
<kw name="Run Keyword If" library="BuiltIn">
<doc>Runs the given keyword with the given arguments, if ``condition`` is true.</doc>
<arguments>
<arg>"${tech}" == "MOBILE"</arg>
<arg>run keywords</arg>
<arg>Quit Application</arg>
<arg>AND</arg>
<arg>Close Sauce Lab Session</arg>
<arg>ELSE</arg>
<arg>Close Browser</arg>
</arguments>
<kw name="Close Browser" library="SeleniumLibrary">
<doc>Closes the current browser.</doc>
<status status="PASS" starttime="20210311 22:31:37.096" endtime="20210311 22:31:37.096"></status>
</kw>
<status status="PASS" starttime="20210311 22:31:37.095" endtime="20210311 22:31:37.096"></status>
</kw>
<status status="PASS" starttime="20210311 22:31:37.095" endtime="20210311 22:31:37.096"></status>
</kw>
<status status="FAIL" starttime="20210311 22:31:30.773" endtime="20210311 22:31:37.096"></status>
</suite>
[...]
</kw>
<msg timestamp="20210311 22:33:04.351" level="FAIL">WebDriverException: Message: unknown error: net::ERR_NAME_NOT_RESOLVED
  (Session info: chrome=89.0.4389.82)
</msg>
<status status="FAIL" starttime="20210311 22:32:59.402" endtime="20210311 22:33:04.351"></status>
</kw>
<status status="FAIL" starttime="20210311 22:32:59.402" endtime="20210311 22:33:04.351"></status>
</kw>
<status status="FAIL" starttime="20210311 22:32:59.401" endtime="20210311 22:33:04.351"></status>
</kw>
<status status="FAIL" starttime="20210311 22:32:59.400" endtime="20210311 22:33:04.351"></status>
</kw>
<status status="FAIL" starttime="20210311 22:32:59.400" endtime="20210311 22:33:04.351"></status>
</kw>
<kw name="Browser Close" type="teardown">
<kw name="Run Keyword If" library="BuiltIn">
<doc>Runs the given keyword with the given arguments, if ``condition`` is true.</doc>
<arguments>
<arg>"${tech}" == "MOBILE"</arg>
<arg>run keywords</arg>
<arg>Quit Application</arg>
<arg>AND</arg>
<arg>Close Sauce Lab Session</arg>
<arg>ELSE</arg>
<arg>Close Browser</arg>
</arguments>
<kw name="Close Browser" library="SeleniumLibrary">
<doc>Closes the current browser.</doc>
<status status="PASS" starttime="20210311 22:33:04.353" endtime="20210311 22:33:06.925"></status>
</kw>
<status status="PASS" starttime="20210311 22:33:04.353" endtime="20210311 22:33:06.925"></status>
</kw>
<status status="PASS" starttime="20210311 22:33:04.352" endtime="20210311 22:33:06.925"></status>
</kw>
<tags>
<tag>MOBILE</tag>
<tag>WEB</tag>
</tags>
<status status="FAIL" starttime="20210311 22:32:59.399" endtime="20210311 22:33:06.926" critical="yes">WebDriverException: Message: unknown error: net::ERR_NAME_NOT_RESOLVED
  (Session info: chrome=89.0.4389.82)
</status>
</test>
<test id="s1-s11-t2" name="TC_Verify_My_Quotes">
<kw name="Launch ETR Application" library="commonMethods">
<doc>Launch the ETR application with url "https://store-uat1live-us.corp.hpicloud.net/us/en" and accept Privacy options</doc>
<arguments>
<arg>${uat_url}</arg>
</arguments>
<kw name="Run Keyword If" library="BuiltIn">
<doc>Runs the given keyword with the given arguments, if ``condition`` is true.</doc>
<arguments>
<arg>"${tech}" == "MOBILE"</arg>
<arg>run keywords</arg>
<arg>Initiate Browser On Android</arg>
<arg>AND</arg>
<arg>Go To Url</arg>
<arg>${url}</arg>
<arg>ELSE IF</arg>
<arg>"${tech}" == "MOBILE_EMULATOR"</arg>
<arg>Initiate MOBILE_EMULATOR_CHROME</arg>
<arg>Pixel 2 XL</arg>
<arg>${url}</arg>
<arg>ELSE</arg>
<arg>run keyword</arg>
<arg>Launch Web Application</arg>
<arg>${url}</arg>
<arg>${browser}</arg>
</arguments>
<kw name="Run Keyword" library="BuiltIn">
<doc>Executes the given keyword with the given arguments.</doc>
<arguments>
<arg>Launch Web Application</arg>
<arg>${url}</arg>
<arg>${browser}</arg>
</arguments>
<kw name="Launch Web Application" library="genericEvents">
<doc>"Launch the application with url https://store-uat1live-us.corp.hpicloud.net/us/en in browser chrome"</doc>
<arguments>
<arg>${url}</arg>
<arg>${browser}</arg>
</arguments>
<kw name="Open Browser" library="SeleniumLibrary">
<doc>Opens a new browser instance to the optional ``url``.</doc>
<arguments>
<arg>${url}</arg>
<arg>${browser}</arg>
</arguments>
<msg timestamp="20210311 22:33:06.932" level="INFO">Opening browser 'chrome' to base url 'https://store-uat1live-us.corp.hpicloud.net/us/en'.</msg>
<kw name="Capture Page Screenshot" library="SeleniumLibrary">
<doc>Takes a screenshot of the current page and embeds it into a log file.</doc>
<msg timestamp="20210311 22:33:12.463" level="INFO" html="yes">&lt;/td&gt;&lt;/tr&gt;&lt;tr&gt;&lt;td colspan="3"&gt;&lt;a href="../src/main/Tests/ETR%20Sanity/Report/Verify%20for%20eCarepack%20product%20and%20Add%20to%20cart%20feature/selenium-screenshot-467.png"&gt;&lt;img src="../src/main/Tests/ETR%20Sanity/Report/Verify%20for%20eCarepack%20product%20and%20Add%20to%20cart%20feature/selenium-screenshot-467.png" width="800px"&gt;&lt;/a&gt;</msg>
<status status="PASS" starttime="20210311 22:33:12.147" endtime="20210311 22:33:12.463"></status>
</kw>
<msg timestamp="20210311 22:33:12.464" level="FAIL">WebDriverException: Message: unknown error: net::ERR_NAME_NOT_RESOLVED
  (Session info: chrome=89.0.4389.82)
</msg>
<status status="FAIL" starttime="20210311 22:33:06.932" endtime="20210311 22:33:12.464"></status>
</kw>
<status status="FAIL" starttime="20210311 22:33:06.931" endtime="20210311 22:33:12.464"></status>
</kw>
<status status="FAIL" starttime="20210311 22:33:06.931" endtime="20210311 22:33:12.464"></status>
</kw>
<status status="FAIL" starttime="20210311 22:33:06.930" endtime="20210311 22:33:12.464"></status>
</kw>
<status status="FAIL" starttime="20210311 22:33:06.930" endtime="20210311 22:33:12.464"></status>
</kw>
<kw name="Browser Close" type="teardown">
<kw name="Run Keyword If" library="BuiltIn">
<doc>Runs the given keyword with the given arguments, if ``condition`` is true.</doc>
<arguments>
<arg>"${tech}" == "MOBILE"</arg>
<arg>run keywords</arg>
<arg>Quit Application</arg>
<arg>AND</arg>
<arg>Close Sauce Lab Session</arg>
<arg>ELSE</arg>
<arg>Close Browser</arg>
</arguments>
<kw name="Close Browser" library="SeleniumLibrary">
<doc>Closes the current browser.</doc>
<status status="PASS" starttime="20210311 22:33:12.466" endtime="20210311 22:33:16.598"></status>
</kw>
<status status="PASS" starttime="20210311 22:33:12.466" endtime="20210311 22:33:16.598"></status>
</kw>
<status status="PASS" starttime="20210311 22:33:12.465" endtime="20210311 22:33:16.598"></status>
</kw>
<status status="FAIL" starttime="20210311 22:33:06.929" endtime="20210311 22:33:16.599" critical="yes">WebDriverException: Message: unknown error: net::ERR_NAME_NOT_RESOLVED
  (Session info: chrome=89.0.4389.82)
</status>
</test>
<test id="s1-s11-t3" name="Validate registering GS user and Edit">
<kw name="Launch ETR Application" library="commonMethods">
<doc>Launch the ETR application with url "https://store-uat1live-us.corp.hpicloud.net/us/en" and accept Privacy options</doc>
<arguments>
<arg>${Uat_url}</arg>
</arguments>
<kw name="Run Keyword If" library="BuiltIn">
<doc>Runs the given keyword with the given arguments, if ``condition`` is true.</doc>
<arguments>
<arg>"${tech}" == "MOBILE"</arg>
<arg>run keywords</arg>
<arg>Initiate Browser On Android</arg>
<arg>AND</arg>
<arg>Go To Url</arg>
<arg>${url}</arg>
<arg>ELSE IF</arg>
<arg>"${tech}" == "MOBILE_EMULATOR"</arg>
<arg>Initiate MOBILE_EMULATOR_CHROME</arg>
<arg>Pixel 2 XL</arg>
<arg>${url}</arg>
<arg>ELSE</arg>
<arg>run keyword</arg>
<arg>Launch Web Application</arg>
<arg>${url}</arg>
<arg>${browser}</arg>
</arguments>
<kw name="Run Keyword" library="BuiltIn">
<doc>Executes the given keyword with the given arguments.</doc>
<arguments>
<arg>Launch Web Application</arg>
<arg>${url}</arg>
<arg>${browser}</arg>
</arguments>
<kw name="Launch Web Application" library="genericEvents">
<doc>"Launch the application with url https://store-uat1live-us.corp.hpicloud.net/us/en in browser chrome"</doc>
<arguments>
<arg>${url}</arg>
<arg>${browser}</arg>
</arguments>
<kw name="Open Browser" library="SeleniumLibrary">
<doc>Opens a new browser instance to the optional ``url``.</doc>
<arguments>
<arg>${url}</arg>
<arg>${browser}</arg>
</arguments>
<msg timestamp="20210311 22:33:16.603" level="INFO">Opening browser 'chrome' to base url 'https://store-uat1live-us.corp.hpicloud.net/us/en'.</msg>
<kw name="Capture Page Screenshot" library="SeleniumLibrary">
<doc>Takes a screenshot of the current page and embeds it into a log file.</doc>
<msg timestamp="20210311 22:33:21.963" level="INFO" html="yes">&lt;/td&gt;&lt;/tr&gt;&lt;tr&gt;&lt;td colspan="3"&gt;&lt;a href="../src/main/Tests/ETR%20Sanity/Report/Verify%20for%20eCarepack%20product%20and%20Add%20to%20cart%20feature/selenium-screenshot-468.png"&gt;&lt;img src="../src/main/Tests/ETR%20Sanity/Report/Verify%20for%20eCarepack%20product%20and%20Add%20to%20cart%20feature/selenium-screenshot-468.png" width="800px"&gt;&lt;/a&gt;</msg>
<status status="PASS" starttime="20210311 22:33:21.650" endtime="20210311 22:33:21.963"></status>
</kw>
<msg timestamp="20210311 22:33:21.964" level="FAIL">WebDriverException: Message: unknown error: net::ERR_NAME_NOT_RESOLVED
  (Session info: chrome=89.0.4389.82)
</msg>
<status status="FAIL" starttime="20210311 22:33:16.603" endtime="20210311 22:33:21.964"></status>
</kw>
<status status="FAIL" starttime="20210311 22:33:16.603" endtime="20210311 22:33:21.965"></status>
</kw>
<status status="FAIL" starttime="20210311 22:33:16.602" endtime="20210311 22:33:21.965"></status>
</kw>
<status status="FAIL" starttime="20210311 22:33:16.602" endtime="20210311 22:33:21.965"></status>
</kw>
<status status="FAIL" starttime="20210311 22:33:16.601" endtime="20210311 22:33:21.965"></status>
</kw>
<kw name="Browser Close" type="teardown">
<kw name="Run Keyword If" library="BuiltIn">
<doc>Runs the given keyword with the given arguments, if ``condition`` is true.</doc>
<arguments>
<arg>"${tech}" == "MOBILE"</arg>
<arg>run keywords</arg>
<arg>Quit Application</arg>
<arg>AND</arg>
<arg>Close Sauce Lab Session</arg>
<arg>ELSE</arg>
<arg>Close Browser</arg>
</arguments>
<kw name="Close Browser" library="SeleniumLibrary">
<doc>Closes the current browser.</doc>
<status status="PASS" starttime="20210311 22:33:21.967" endtime="20210311 22:33:24.539"></status>
</kw>
<status status="PASS" starttime="20210311 22:33:21.966" endtime="20210311 22:33:24.539"></status>
</kw>
<status status="PASS" starttime="20210311 22:33:21.966" endtime="20210311 22:33:24.539"></status>
</kw>
<status status="FAIL" starttime="20210311 22:33:16.600" endtime="20210311 22:33:24.540" critical="yes">WebDriverException: Message: unknown error: net::ERR_NAME_NOT_RESOLVED
  (Session info: chrome=89.0.4389.82)
</status>
</test>
<test id="s1-s11-t4" name="Validate registering Private store user and Edit">
<kw name="Launch ETR Application" library="commonMethods">
<doc>Launch the ETR application with url "https://store-uat1live-us.corp.hpicloud.net/us/en" and accept Privacy options</doc>
<arguments>
<arg>${Uat_url}</arg>
</arguments>
<kw name="Run Keyword If" library="BuiltIn">
<doc>Runs the given keyword with the given arguments, if ``condition`` is true.</doc>
<arguments>
<arg>"${tech}" == "MOBILE"</arg>
<arg>run keywords</arg>
<arg>Initiate Browser On Android</arg>
<arg>AND</arg>
<arg>Go To Url</arg>
<arg>${url}</arg>
<arg>ELSE IF</arg>
<arg>"${tech}" == "MOBILE_EMULATOR"</arg>
<arg>Initiate MOBILE_EMULATOR_CHROME</arg>
<arg>Pixel 2 XL</arg>
<arg>${url}</arg>
<arg>ELSE</arg>
<arg>run keyword</arg>
<arg>Launch Web Application</arg>
<arg>${url}</arg>
<arg>${browser}</arg>
</arguments>
<kw name="Run Keyword" library="BuiltIn">
<doc>Executes the given keyword with the given arguments.</doc>
<arguments>
<arg>Launch Web Application</arg>
<arg>${url}</arg>
<arg>${browser}</arg>
</arguments>
<kw name="Launch Web Application" library="genericEvents">
<doc>"Launch the application with url https://store-uat1live-us.corp.hpicloud.net/us/en in browser chrome"</doc>
<arguments>
<arg>${url}</arg>
<arg>${browser}</arg>
</arguments>
<kw name="Open Browser" library="SeleniumLibrary">
<doc>Opens a new browser instance to the optional ``url``.</doc>
<arguments>
<arg>${url}</arg>
<arg>${browser}</arg>
</arguments>
<msg timestamp="20210311 22:33:24.545" level="INFO">Opening browser 'chrome' to base url 'https://store-uat1live-us.corp.hpicloud.net/us/en'.</msg>
<kw name="Capture Page Screenshot" library="SeleniumLibrary">
<doc>Takes a screenshot of the current page and embeds it into a log file.</doc>
<msg timestamp="20210311 22:33:27.979" level="INFO" html="yes">&lt;/td&gt;&lt;/tr&gt;&lt;tr&gt;&lt;td colspan="3"&gt;&lt;a href="../src/main/Tests/ETR%20Sanity/Report/Verify%20for%20eCarepack%20product%20and%20Add%20to%20cart%20feature/selenium-screenshot-469.png"&gt;&lt;img src="../src/main/Tests/ETR%20Sanity/Report/Verify%20for%20eCarepack%20product%20and%20Add%20to%20cart%20feature/selenium-screenshot-469.png" width="800px"&gt;&lt;/a&gt;</msg>
<status status="PASS" starttime="20210311 22:33:27.655" endtime="20210311 22:33:27.979"></status>
</kw>
<msg timestamp="20210311 22:33:27.980" level="FAIL">WebDriverException: Message: unknown error: net::ERR_NAME_NOT_RESOLVED
  (Session info: chrome=89.0.4389.82)
</msg>
<status status="FAIL" starttime="20210311 22:33:24.544" endtime="20210311 22:33:27.980"></status>
</kw>
<status status="FAIL" starttime="20210311 22:33:24.544" endtime="20210311 22:33:27.980"></status>
</kw>
<status status="FAIL" starttime="20210311 22:33:24.543" endtime="20210311 22:33:27.980"></status>
</kw>
<status status="FAIL" starttime="20210311 22:33:24.543" endtime="20210311 22:33:27.980"></status>
</kw>
<status status="FAIL" starttime="20210311 22:33:24.542" endtime="20210311 22:33:27.981"></status>
</kw>
<kw name="Browser Close" type="teardown">
<kw name="Run Keyword If" library="BuiltIn">
<doc>Runs the given keyword with the given arguments, if ``condition`` is true.</doc>
<arguments>
<arg>"${tech}" == "MOBILE"</arg>
<arg>run keywords</arg>
<arg>Quit Application</arg>
<arg>AND</arg>
<arg>Close Sauce Lab Session</arg>
<arg>ELSE</arg>
<arg>Close Browser</arg>
</arguments>
<kw name="Close Browser" library="SeleniumLibrary">
<doc>Closes the current browser.</doc>
<status status="PASS" starttime="20210311 22:33:27.982" endtime="20210311 22:33:30.547"></status>
</kw>
<status status="PASS" starttime="20210311 22:33:27.982" endtime="20210311 22:33:30.547"></status>
</kw>
<status status="PASS" starttime="20210311 22:33:27.981" endtime="20210311 22:33:30.547"></status>
</kw>
<status status="FAIL" starttime="20210311 22:33:24.541" endtime="20210311 22:33:30.548" critical="yes">WebDriverException: Message: unknown error: net::ERR_NAME_NOT_RESOLVED
  (Session info: chrome=89.0.4389.82)
</status>
</test>
<test id="s1-s11-t5" name="TC_Validate_Registering_SMB_PublicUserandEdit">
<kw name="Launch ETR Application" library="commonMethods">
<doc>Launch the ETR application with url "https://store-uat1live-us.corp.hpicloud.net/us/en" and accept Privacy options</doc>
<arguments>
<arg>${uat_url}</arg>
</arguments>
<kw name="Run Keyword If" library="BuiltIn">
<doc>Runs the given keyword with the given arguments, if ``condition`` is true.</doc>
<arguments>
<arg>"${tech}" == "MOBILE"</arg>
<arg>run keywords</arg>
<arg>Initiate Browser On Android</arg>
<arg>AND</arg>
<arg>Go To Url</arg>
<arg>${url}</arg>
<arg>ELSE IF</arg>
<arg>"${tech}" == "MOBILE_EMULATOR"</arg>
<arg>Initiate MOBILE_EMULATOR_CHROME</arg>
<arg>Pixel 2 XL</arg>
<arg>${url}</arg>
<arg>ELSE</arg>
<arg>run keyword</arg>
<arg>Launch Web Application</arg>
<arg>${url}</arg>
<arg>${browser}</arg>
</arguments>
<kw name="Run Keyword" library="BuiltIn">
<doc>Executes the given keyword with the given arguments.</doc>
<arguments>
<arg>Launch Web Application</arg>
<arg>${url}</arg>
<arg>${browser}</arg>
</arguments>
<kw name="Launch Web Application" library="genericEvents">
<doc>"Launch the application with url https://store-uat1live-us.corp.hpicloud.net/us/en in browser chrome"</doc>
<arguments>
<arg>${url}</arg>
<arg>${browser}</arg>
</arguments>
<kw name="Open Browser" library="SeleniumLibrary">
<doc>Opens a new browser instance to the optional ``url``.</doc>
<arguments>
<arg>${url}</arg>
<arg>${browser}</arg>
</arguments>
<msg timestamp="20210311 22:33:30.552" level="INFO">Opening browser 'chrome' to base url 'https://store-uat1live-us.corp.hpicloud.net/us/en'.</msg>
<kw name="Capture Page Screenshot" library="SeleniumLibrary">
<doc>Takes a screenshot of the current page and embeds it into a log file.</doc>
<msg timestamp="20210311 22:33:33.809" level="INFO" html="yes">&lt;/td&gt;&lt;/tr&gt;&lt;tr&gt;&lt;td colspan="3"&gt;&lt;a href="../src/main/Tests/ETR%20Sanity/Report/Verify%20for%20eCarepack%20product%20and%20Add%20to%20cart%20feature/selenium-screenshot-470.png"&gt;&lt;img src="../src/main/Tests/ETR%20Sanity/Report/Verify%20for%20eCarepack%20product%20and%20Add%20to%20cart%20feature/selenium-screenshot-470.png" width="800px"&gt;&lt;/a&gt;</msg>
<status status="PASS" starttime="20210311 22:33:33.497" endtime="20210311 22:33:33.809"></status>
</kw>
<msg timestamp="20210311 22:33:33.810" level="FAIL">WebDriverException: Message: unknown error: net::ERR_NAME_NOT_RESOLVED
  (Session info: chrome=89.0.4389.82)
</msg>
<status status="FAIL" starttime="20210311 22:33:30.552" endtime="20210311 22:33:33.811"></status>
</kw>
<status status="FAIL" starttime="20210311 22:33:30.552" endtime="20210311 22:33:33.811"></status>
</kw>
<status status="FAIL" starttime="20210311 22:33:30.551" endtime="20210311 22:33:33.811"></status>
</kw>
<status status="FAIL" starttime="20210311 22:33:30.551" endtime="20210311 22:33:33.811"></status>
</kw>
<status status="FAIL" starttime="20210311 22:33:30.550" endtime="20210311 22:33:33.811"></status>
</kw>
<kw name="Browser Close" type="teardown">
<kw name="Run Keyword If" library="BuiltIn">
<doc>Runs the given keyword with the given arguments, if ``condition`` is true.</doc>
<arguments>
<arg>"${tech}" == "MOBILE"</arg>
<arg>run keywords</arg>
<arg>Quit Application</arg>
<arg>AND</arg>
<arg>Close Sauce Lab Session</arg>
<arg>ELSE</arg>
<arg>Close Browser</arg>
</arguments>
<kw name="Close Browser" library="SeleniumLibrary">
<doc>Closes the current browser.</doc>
<status status="PASS" starttime="20210311 22:33:33.813" endtime="20210311 22:33:36.424"></status>
</kw>
<status status="PASS" starttime="20210311 22:33:33.812" endtime="20210311 22:33:36.424"></status>
</kw>
<status status="PASS" starttime="20210311 22:33:33.812" endtime="20210311 22:33:36.424"></status>
</kw>
<status status="FAIL" starttime="20210311 22:33:30.549" endtime="20210311 22:33:36.425" critical="yes">WebDriverException: Message: unknown error: net::ERR_NAME_NOT_RESOLVED
  (Session info: chrome=89.0.4389.82)
</status>
</test>
<kw name="Browser Close" type="teardown">
<kw name="Run Keyword If" library="BuiltIn">
<doc>Runs the given keyword with the given arguments, if ``condition`` is true.</doc>
<arguments>
<arg>"${tech}" == "MOBILE"</arg>
<arg>run keywords</arg>
<arg>Quit Application</arg>
<arg>AND</arg>
<arg>Close Sauce Lab Session</arg>
<arg>ELSE</arg>
<arg>Close Browser</arg>
</arguments>
<kw name="Close Browser" library="SeleniumLibrary">
<doc>Closes the current browser.</doc>
<status status="PASS" starttime="20210311 22:33:36.428" endtime="20210311 22:33:36.428"></status>
</kw>
<status status="PASS" starttime="20210311 22:33:36.427" endtime="20210311 22:33:36.428"></status>
</kw>
<status status="PASS" starttime="20210311 22:33:36.427" endtime="20210311 22:33:36.428"></status>
</kw>
<status status="FAIL" starttime="20210311 22:32:59.326" endtime="20210311 22:33:36.428"></status>
</suite>
<status status="FAIL" starttime="20210311 22:30:04.085" endtime="20210311 22:33:36.434"></status>
</suite>
<statistics>
<total>
<stat pass="0" fail="32">Critical Tests</stat>
<stat pass="0" fail="32">All Tests</stat>
</total>
<tag>
<stat pass="0" fail="20">MOBILE</stat>
<stat pass="0" fail="21">WEB</stat>
</tag>
<suite>
<stat pass="0" fail="32" id="s1" name="ETR Sanity">ETR Sanity</stat>
<stat pass="0" fail="2" id="s1-s1" name="Checkout">ETR Sanity.Checkout</stat>
<stat pass="0" fail="2" id="s1-s2" name="CLP">ETR Sanity.CLP</stat>
<stat pass="0" fail="2" id="s1-s3" name="CTO">ETR Sanity.CTO</stat>
<stat pass="0" fail="2" id="s1-s4" name="ETR Home">ETR Sanity.ETR Home</stat>
<stat pass="0" fail="2" id="s1-s5" name="HeaderFooter">ETR Sanity.HeaderFooter</stat>
<stat pass="0" fail="3" id="s1-s6" name="MDP">ETR Sanity.MDP</stat>
<stat pass="0" fail="1" id="s1-s7" name="MLP">ETR Sanity.MLP</stat>
<stat pass="0" fail="5" id="s1-s8" name="PDP">ETR Sanity.PDP</stat>
<stat pass="0" fail="4" id="s1-s9" name="PLP">ETR Sanity.PLP</stat>
<stat pass="0" fail="4" id="s1-s10" name="Search">ETR Sanity.Search</stat>
<stat pass="0" fail="5" id="s1-s11" name="UserManagement">ETR Sanity.UserManagement</stat>
</suite>
</statistics>
<errors>
</errors>
</robot>
